# JRE version: OpenJDK Runtime Environment (8.0_112-b06) (build 1.8.0_112-release-b06)
# Java VM: OpenJDK 64-Bit Server VM (25.112-b06 mixed mode windows-amd64 compressed oops)
Heap:
 PSYoungGen      total 97280K, used 17477K [0x00000000e5f00000, 0x00000000f0000000, 0x0000000100000000)
  eden space 84992K, 6% used [0x00000000e5f00000,0x00000000e6415ba8,0x00000000eb200000)
  from space 12288K, 99% used [0x00000000ec980000,0x00000000ed57bb50,0x00000000ed580000)
  to   space 24064K, 0% used [0x00000000eb200000,0x00000000eb200000,0x00000000ec980000)
 ParOldGen       total 104448K, used 39771K [0x00000000b1c00000, 0x00000000b8200000, 0x00000000e5f00000)
  object space 104448K, 38% used [0x00000000b1c00000,0x00000000b42d6eb0,0x00000000b8200000)
 Metaspace       used 53838K, capacity 56088K, committed 56192K, reserved 1097728K
  class space    used 7328K, capacity 7801K, committed 7808K, reserved 1048576K
GC Heap History (10 events):
Event: 26.174 GC heap before
{Heap before GC invocations=12 (full 2):
 PSYoungGen      total 71680K, used 60928K [0x00000000e5f00000, 0x00000000ec180000, 0x0000000100000000)
  eden space 60928K, 100% used [0x00000000e5f00000,0x00000000e9a80000,0x00000000e9a80000)
  from space 10752K, 0% used [0x00000000e9a80000,0x00000000e9a80000,0x00000000ea500000)
  to   space 11264K, 0% used [0x00000000eb680000,0x00000000eb680000,0x00000000ec180000)
 ParOldGen       total 104448K, used 16058K [0x00000000b1c00000, 0x00000000b8200000, 0x00000000e5f00000)
  object space 104448K, 15% used [0x00000000b1c00000,0x00000000b2baea28,0x00000000b8200000)
 Metaspace       used 37643K, capacity 38424K, committed 38656K, reserved 1083392K
  class space    used 5025K, capacity 5263K, committed 5376K, reserved 1048576K
Event: 26.198 GC heap after
Heap after GC invocations=12 (full 2):
 PSYoungGen      total 87552K, used 6160K [0x00000000e5f00000, 0x00000000ec080000, 0x0000000100000000)
  eden space 77312K, 0% used [0x00000000e5f00000,0x00000000e5f00000,0x00000000eaa80000)
  from space 10240K, 60% used [0x00000000eb680000,0x00000000ebc84118,0x00000000ec080000)
  to   space 11264K, 0% used [0x00000000eaa80000,0x00000000eaa80000,0x00000000eb580000)
 ParOldGen       total 104448K, used 16066K [0x00000000b1c00000, 0x00000000b8200000, 0x00000000e5f00000)
  object space 104448K, 15% used [0x00000000b1c00000,0x00000000b2bb0a28,0x00000000b8200000)
 Metaspace       used 37643K, capacity 38424K, committed 38656K, reserved 1083392K
  class space    used 5025K, capacity 5263K, committed 5376K, reserved 1048576K
}
Event: 28.164 GC heap before
{Heap before GC invocations=13 (full 2):
 PSYoungGen      total 87552K, used 83472K [0x00000000e5f00000, 0x00000000ec080000, 0x0000000100000000)
  eden space 77312K, 100% used [0x00000000e5f00000,0x00000000eaa80000,0x00000000eaa80000)
  from space 10240K, 60% used [0x00000000eb680000,0x00000000ebc84118,0x00000000ec080000)
  to   space 11264K, 0% used [0x00000000eaa80000,0x00000000eaa80000,0x00000000eb580000)
 ParOldGen       total 104448K, used 16066K [0x00000000b1c00000, 0x00000000b8200000, 0x00000000e5f00000)
  object space 104448K, 15% used [0x00000000b1c00000,0x00000000b2bb0a28,0x00000000b8200000)
 Metaspace       used 43368K, capacity 44332K, committed 44544K, reserved 1087488K
  class space    used 5813K, capacity 6068K, committed 6144K, reserved 1048576K
Event: 28.181 GC heap after
Heap after GC invocations=13 (full 2):
 PSYoungGen      total 88576K, used 10744K [0x00000000e5f00000, 0x00000000ed580000, 0x0000000100000000)
  eden space 77312K, 0% used [0x00000000e5f00000,0x00000000e5f00000,0x00000000eaa80000)
  from space 11264K, 95% used [0x00000000eaa80000,0x00000000eb4fe260,0x00000000eb580000)
  to   space 12288K, 0% used [0x00000000ec980000,0x00000000ec980000,0x00000000ed580000)
 ParOldGen       total 104448K, used 16074K [0x00000000b1c00000, 0x00000000b8200000, 0x00000000e5f00000)
  object space 104448K, 15% used [0x00000000b1c00000,0x00000000b2bb2a28,0x00000000b8200000)
 Metaspace       used 43368K, capacity 44332K, committed 44544K, reserved 1087488K
  class space    used 5813K, capacity 6068K, committed 6144K, reserved 1048576K
}
Event: 32.622 GC heap before
{Heap before GC invocations=14 (full 2):
 PSYoungGen      total 88576K, used 88056K [0x00000000e5f00000, 0x00000000ed580000, 0x0000000100000000)
  eden space 77312K, 100% used [0x00000000e5f00000,0x00000000eaa80000,0x00000000eaa80000)
  from space 11264K, 95% used [0x00000000eaa80000,0x00000000eb4fe260,0x00000000eb580000)
  to   space 12288K, 0% used [0x00000000ec980000,0x00000000ec980000,0x00000000ed580000)
 ParOldGen       total 104448K, used 16074K [0x00000000b1c00000, 0x00000000b8200000, 0x00000000e5f00000)
  object space 104448K, 15% used [0x00000000b1c00000,0x00000000b2bb2a28,0x00000000b8200000)
 Metaspace       used 47931K, capacity 49494K, committed 49664K, reserved 1091584K
  class space    used 6511K, capacity 6851K, committed 6912K, reserved 1048576K
Event: 32.660 GC heap after
Heap after GC invocations=14 (full 2):
 PSYoungGen      total 105984K, used 12256K [0x00000000e5f00000, 0x00000000edb00000, 0x0000000100000000)
  eden space 93696K, 0% used [0x00000000e5f00000,0x00000000e5f00000,0x00000000eba80000)
  from space 12288K, 99% used [0x00000000ec980000,0x00000000ed578018,0x00000000ed580000)
  to   space 15360K, 0% used [0x00000000eba80000,0x00000000eba80000,0x00000000ec980000)
 ParOldGen       total 104448K, used 20479K [0x00000000b1c00000, 0x00000000b8200000, 0x00000000e5f00000)
  object space 104448K, 19% used [0x00000000b1c00000,0x00000000b2fffed0,0x00000000b8200000)
 Metaspace       used 47931K, capacity 49494K, committed 49664K, reserved 1091584K
  class space    used 6511K, capacity 6851K, committed 6912K, reserved 1048576K
}
Event: 34.889 GC heap before
{Heap before GC invocations=15 (full 2):
 PSYoungGen      total 105984K, used 105952K [0x00000000e5f00000, 0x00000000edb00000, 0x0000000100000000)
  eden space 93696K, 100% used [0x00000000e5f00000,0x00000000eba80000,0x00000000eba80000)
  from space 12288K, 99% used [0x00000000ec980000,0x00000000ed578018,0x00000000ed580000)
  to   space 15360K, 0% used [0x00000000eba80000,0x00000000eba80000,0x00000000ec980000)
 ParOldGen       total 104448K, used 20479K [0x00000000b1c00000, 0x00000000b8200000, 0x00000000e5f00000)
  object space 104448K, 19% used [0x00000000b1c00000,0x00000000b2fffed0,0x00000000b8200000)
 Metaspace       used 50586K, capacity 52432K, committed 52480K, reserved 1093632K
  class space    used 6986K, capacity 7391K, committed 7424K, reserved 1048576K
Event: 34.932 GC heap after
Heap after GC invocations=15 (full 2):
 PSYoungGen      total 109056K, used 15331K [0x00000000e5f00000, 0x00000000edb00000, 0x0000000100000000)
  eden space 93696K, 0% used [0x00000000e5f00000,0x00000000e5f00000,0x00000000eba80000)
  from space 15360K, 99% used [0x00000000eba80000,0x00000000ec978c98,0x00000000ec980000)
  to   space 12288K, 0% used [0x00000000ec980000,0x00000000ec980000,0x00000000ed580000)
 ParOldGen       total 104448K, used 28956K [0x00000000b1c00000, 0x00000000b8200000, 0x00000000e5f00000)
  object space 104448K, 27% used [0x00000000b1c00000,0x00000000b3847160,0x00000000b8200000)
 Metaspace       used 50586K, capacity 52432K, committed 52480K, reserved 1093632K
  class space    used 6986K, capacity 7391K, committed 7424K, reserved 1048576K
}
Event: 49.215 GC heap before
{Heap before GC invocations=16 (full 2):
 PSYoungGen      total 109056K, used 109027K [0x00000000e5f00000, 0x00000000edb00000, 0x0000000100000000)
  eden space 93696K, 100% used [0x00000000e5f00000,0x00000000eba80000,0x00000000eba80000)
  from space 15360K, 99% used [0x00000000eba80000,0x00000000ec978c98,0x00000000ec980000)
  to   space 12288K, 0% used [0x00000000ec980000,0x00000000ec980000,0x00000000ed580000)
 ParOldGen       total 104448K, used 28956K [0x00000000b1c00000, 0x00000000b8200000, 0x00000000e5f00000)
  object space 104448K, 27% used [0x00000000b1c00000,0x00000000b3847160,0x00000000b8200000)
 Metaspace       used 53790K, capacity 56024K, committed 56192K, reserved 1097728K
  class space    used 7327K, capacity 7801K, committed 7808K, reserved 1048576K
Event: 49.311 GC heap after
Heap after GC invocations=16 (full 2):
 PSYoungGen      total 97280K, used 12270K [0x00000000e5f00000, 0x00000000f0000000, 0x0000000100000000)
  eden space 84992K, 0% used [0x00000000e5f00000,0x00000000e5f00000,0x00000000eb200000)
  from space 12288K, 99% used [0x00000000ec980000,0x00000000ed57bb50,0x00000000ed580000)
  to   space 24064K, 0% used [0x00000000eb200000,0x00000000eb200000,0x00000000ec980000)
 ParOldGen       total 104448K, used 39771K [0x00000000b1c00000, 0x00000000b8200000, 0x00000000e5f00000)
  object space 104448K, 38% used [0x00000000b1c00000,0x00000000b42d6eb0,0x00000000b8200000)
 Metaspace       used 53790K, capacity 56024K, committed 56192K, reserved 1097728K
  class space    used 7327K, capacity 7801K, committed 7808K, reserved 1048576K
}

