# JRE version: OpenJDK Runtime Environment (8.0_112-b06) (build 1.8.0_112-release-b06)
# Java VM: OpenJDK 64-Bit Server VM (25.112-b06 mixed mode windows-amd64 compressed oops)
Heap:
 PSYoungGen      total 121344K, used 114050K [0x00000000f5580000, 0x00000000ff400000, 0x0000000100000000)
  eden space 109056K, 96% used [0x00000000f5580000,0x00000000fbbd9d60,0x00000000fc000000)
  from space 12288K, 75% used [0x00000000fc000000,0x00000000fc906aa8,0x00000000fcc00000)
  to   space 12288K, 0% used [0x00000000fe800000,0x00000000fe800000,0x00000000ff400000)
 ParOldGen       total 62976K, used 20750K [0x00000000e0000000, 0x00000000e3d80000, 0x00000000f5580000)
  object space 62976K, 32% used [0x00000000e0000000,0x00000000e1443928,0x00000000e3d80000)
 Metaspace       used 54408K, capacity 55950K, committed 56064K, reserved 1097728K
  class space    used 7294K, capacity 7668K, committed 7680K, reserved 1048576K
GC Heap History (10 events):
Event: 24.662 GC heap before
{Heap before GC invocations=9 (full 1):
 PSYoungGen      total 62464K, used 57432K [0x00000000f5580000, 0x00000000fb700000, 0x0000000100000000)
  eden space 51712K, 100% used [0x00000000f5580000,0x00000000f8800000,0x00000000f8800000)
  from space 10752K, 53% used [0x00000000f8800000,0x00000000f8d963d0,0x00000000f9280000)
  to   space 10240K, 0% used [0x00000000fad00000,0x00000000fad00000,0x00000000fb700000)
 ParOldGen       total 62976K, used 9781K [0x00000000e0000000, 0x00000000e3d80000, 0x00000000f5580000)
  object space 62976K, 15% used [0x00000000e0000000,0x00000000e098d5a8,0x00000000e3d80000)
 Metaspace       used 34059K, capacity 34674K, committed 34944K, reserved 1079296K
  class space    used 4547K, capacity 4721K, committed 4736K, reserved 1048576K
Event: 24.704 GC heap after
Heap after GC invocations=9 (full 1):
 PSYoungGen      total 88064K, used 10237K [0x00000000f5580000, 0x00000000fb880000, 0x0000000100000000)
  eden space 77824K, 0% used [0x00000000f5580000,0x00000000f5580000,0x00000000fa180000)
  from space 10240K, 99% used [0x00000000fad00000,0x00000000fb6ff600,0x00000000fb700000)
  to   space 11776K, 0% used [0x00000000fa180000,0x00000000fa180000,0x00000000fad00000)
 ParOldGen       total 62976K, used 9852K [0x00000000e0000000, 0x00000000e3d80000, 0x00000000f5580000)
  object space 62976K, 15% used [0x00000000e0000000,0x00000000e099f080,0x00000000e3d80000)
 Metaspace       used 34059K, capacity 34674K, committed 34944K, reserved 1079296K
  class space    used 4547K, capacity 4721K, committed 4736K, reserved 1048576K
}
Event: 25.294 GC heap before
{Heap before GC invocations=10 (full 1):
 PSYoungGen      total 88064K, used 42362K [0x00000000f5580000, 0x00000000fb880000, 0x0000000100000000)
  eden space 77824K, 41% used [0x00000000f5580000,0x00000000f74df518,0x00000000fa180000)
  from space 10240K, 99% used [0x00000000fad00000,0x00000000fb6ff600,0x00000000fb700000)
  to   space 11776K, 0% used [0x00000000fa180000,0x00000000fa180000,0x00000000fad00000)
 ParOldGen       total 62976K, used 9852K [0x00000000e0000000, 0x00000000e3d80000, 0x00000000f5580000)
  object space 62976K, 15% used [0x00000000e0000000,0x00000000e099f080,0x00000000e3d80000)
 Metaspace       used 34737K, capacity 35326K, committed 35496K, reserved 1079296K
  class space    used 4625K, capacity 4787K, committed 4864K, reserved 1048576K
Event: 25.336 GC heap after
Heap after GC invocations=10 (full 1):
 PSYoungGen      total 89600K, used 4668K [0x00000000f5580000, 0x00000000fda80000, 0x0000000100000000)
  eden space 77824K, 0% used [0x00000000f5580000,0x00000000f5580000,0x00000000fa180000)
  from space 11776K, 39% used [0x00000000fa180000,0x00000000fa60f3c8,0x00000000fad00000)
  to   space 11776K, 0% used [0x00000000fcf00000,0x00000000fcf00000,0x00000000fda80000)
 ParOldGen       total 62976K, used 13228K [0x00000000e0000000, 0x00000000e3d80000, 0x00000000f5580000)
  object space 62976K, 21% used [0x00000000e0000000,0x00000000e0ceb100,0x00000000e3d80000)
 Metaspace       used 34737K, capacity 35326K, committed 35496K, reserved 1079296K
  class space    used 4625K, capacity 4787K, committed 4864K, reserved 1048576K
}
Event: 25.336 GC heap before
{Heap before GC invocations=11 (full 2):
 PSYoungGen      total 89600K, used 4668K [0x00000000f5580000, 0x00000000fda80000, 0x0000000100000000)
  eden space 77824K, 0% used [0x00000000f5580000,0x00000000f5580000,0x00000000fa180000)
  from space 11776K, 39% used [0x00000000fa180000,0x00000000fa60f3c8,0x00000000fad00000)
  to   space 11776K, 0% used [0x00000000fcf00000,0x00000000fcf00000,0x00000000fda80000)
 ParOldGen       total 62976K, used 13228K [0x00000000e0000000, 0x00000000e3d80000, 0x00000000f5580000)
  object space 62976K, 21% used [0x00000000e0000000,0x00000000e0ceb100,0x00000000e3d80000)
 Metaspace       used 34737K, capacity 35326K, committed 35496K, reserved 1079296K
  class space    used 4625K, capacity 4787K, committed 4864K, reserved 1048576K
Event: 25.680 GC heap after
Heap after GC invocations=11 (full 2):
 PSYoungGen      total 89600K, used 0K [0x00000000f5580000, 0x00000000fda80000, 0x0000000100000000)
  eden space 77824K, 0% used [0x00000000f5580000,0x00000000f5580000,0x00000000fa180000)
  from space 11776K, 0% used [0x00000000fa180000,0x00000000fa180000,0x00000000fad00000)
  to   space 11776K, 0% used [0x00000000fcf00000,0x00000000fcf00000,0x00000000fda80000)
 ParOldGen       total 62976K, used 14637K [0x00000000e0000000, 0x00000000e3d80000, 0x00000000f5580000)
  object space 62976K, 23% used [0x00000000e0000000,0x00000000e0e4b4c0,0x00000000e3d80000)
 Metaspace       used 34737K, capacity 35326K, committed 35496K, reserved 1079296K
  class space    used 4625K, capacity 4787K, committed 4864K, reserved 1048576K
}
Event: 28.622 GC heap before
{Heap before GC invocations=12 (full 2):
 PSYoungGen      total 89600K, used 77824K [0x00000000f5580000, 0x00000000fda80000, 0x0000000100000000)
  eden space 77824K, 100% used [0x00000000f5580000,0x00000000fa180000,0x00000000fa180000)
  from space 11776K, 0% used [0x00000000fa180000,0x00000000fa180000,0x00000000fad00000)
  to   space 11776K, 0% used [0x00000000fcf00000,0x00000000fcf00000,0x00000000fda80000)
 ParOldGen       total 62976K, used 14637K [0x00000000e0000000, 0x00000000e3d80000, 0x00000000f5580000)
  object space 62976K, 23% used [0x00000000e0000000,0x00000000e0e4b4c0,0x00000000e3d80000)
 Metaspace       used 42102K, capacity 42812K, committed 43008K, reserved 1087488K
  class space    used 5634K, capacity 5841K, committed 5888K, reserved 1048576K
Event: 28.658 GC heap after
Heap after GC invocations=12 (full 2):
 PSYoungGen      total 113152K, used 8986K [0x00000000f5580000, 0x00000000fd800000, 0x0000000100000000)
  eden space 103936K, 0% used [0x00000000f5580000,0x00000000f5580000,0x00000000fbb00000)
  from space 9216K, 97% used [0x00000000fcf00000,0x00000000fd7c6ab0,0x00000000fd800000)
  to   space 12288K, 0% used [0x00000000fc000000,0x00000000fc000000,0x00000000fcc00000)
 ParOldGen       total 62976K, used 14645K [0x00000000e0000000, 0x00000000e3d80000, 0x00000000f5580000)
  object space 62976K, 23% used [0x00000000e0000000,0x00000000e0e4d4c0,0x00000000e3d80000)
 Metaspace       used 42102K, capacity 42812K, committed 43008K, reserved 1087488K
  class space    used 5634K, capacity 5841K, committed 5888K, reserved 1048576K
}
Event: 33.643 GC heap before
{Heap before GC invocations=13 (full 2):
 PSYoungGen      total 113152K, used 112922K [0x00000000f5580000, 0x00000000fd800000, 0x0000000100000000)
  eden space 103936K, 100% used [0x00000000f5580000,0x00000000fbb00000,0x00000000fbb00000)
  from space 9216K, 97% used [0x00000000fcf00000,0x00000000fd7c6ab0,0x00000000fd800000)
  to   space 12288K, 0% used [0x00000000fc000000,0x00000000fc000000,0x00000000fcc00000)
 ParOldGen       total 62976K, used 14645K [0x00000000e0000000, 0x00000000e3d80000, 0x00000000f5580000)
  object space 62976K, 23% used [0x00000000e0000000,0x00000000e0e4d4c0,0x00000000e3d80000)
 Metaspace       used 46206K, capacity 47478K, committed 47744K, reserved 1091584K
  class space    used 6226K, capacity 6494K, committed 6528K, reserved 1048576K
Event: 33.732 GC heap after
Heap after GC invocations=13 (full 2):
 PSYoungGen      total 121344K, used 9242K [0x00000000f5580000, 0x00000000ff400000, 0x0000000100000000)
  eden space 109056K, 0% used [0x00000000f5580000,0x00000000f5580000,0x00000000fc000000)
  from space 12288K, 75% used [0x00000000fc000000,0x00000000fc906aa8,0x00000000fcc00000)
  to   space 12288K, 0% used [0x00000000fe800000,0x00000000fe800000,0x00000000ff400000)
 ParOldGen       total 62976K, used 20750K [0x00000000e0000000, 0x00000000e3d80000, 0x00000000f5580000)
  object space 62976K, 32% used [0x00000000e0000000,0x00000000e1443928,0x00000000e3d80000)
 Metaspace       used 46206K, capacity 47478K, committed 47744K, reserved 1091584K
  class space    used 6226K, capacity 6494K, committed 6528K, reserved 1048576K
}

