# JRE version: OpenJDK Runtime Environment (8.0_112-b06) (build 1.8.0_112-release-b06)
# Java VM: OpenJDK 64-Bit Server VM (25.112-b06 mixed mode windows-amd64 compressed oops)
Heap:
 PSYoungGen      total 99328K, used 41923K [0x00000000f5580000, 0x00000000fe400000, 0x0000000100000000)
  eden space 88576K, 47% used [0x00000000f5580000,0x00000000f7e70e98,0x00000000fac00000)
  from space 10752K, 0% used [0x00000000fac00000,0x00000000fac00000,0x00000000fb680000)
  to   space 12288K, 0% used [0x00000000fd800000,0x00000000fd800000,0x00000000fe400000)
 ParOldGen       total 105984K, used 17745K [0x00000000e0000000, 0x00000000e6780000, 0x00000000f5580000)
  object space 105984K, 16% used [0x00000000e0000000,0x00000000e11544f0,0x00000000e6780000)
 Metaspace       used 37388K, capacity 38100K, committed 38272K, reserved 1083392K
  class space    used 4961K, capacity 5169K, committed 5248K, reserved 1048576K
GC Heap History (10 events):
Event: 18.203 GC heap before
{Heap before GC invocations=5 (full 1):
 PSYoungGen      total 71680K, used 5091K [0x00000000f5580000, 0x00000000fa080000, 0x0000000100000000)
  eden space 66560K, 0% used [0x00000000f5580000,0x00000000f5580000,0x00000000f9680000)
  from space 5120K, 99% used [0x00000000f9b80000,0x00000000fa078fd0,0x00000000fa080000)
  to   space 5120K, 0% used [0x00000000f9680000,0x00000000f9680000,0x00000000f9b80000)
 ParOldGen       total 87552K, used 8728K [0x00000000e0000000, 0x00000000e5580000, 0x00000000f5580000)
  object space 87552K, 9% used [0x00000000e0000000,0x00000000e08862a8,0x00000000e5580000)
 Metaspace       used 20772K, capacity 21104K, committed 21296K, reserved 1067008K
  class space    used 2757K, capacity 2869K, committed 2944K, reserved 1048576K
Event: 18.570 GC heap after
Heap after GC invocations=5 (full 1):
 PSYoungGen      total 71680K, used 0K [0x00000000f5580000, 0x00000000fa080000, 0x0000000100000000)
  eden space 66560K, 0% used [0x00000000f5580000,0x00000000f5580000,0x00000000f9680000)
  from space 5120K, 0% used [0x00000000f9b80000,0x00000000f9b80000,0x00000000fa080000)
  to   space 5120K, 0% used [0x00000000f9680000,0x00000000f9680000,0x00000000f9b80000)
 ParOldGen       total 68096K, used 9662K [0x00000000e0000000, 0x00000000e4280000, 0x00000000f5580000)
  object space 68096K, 14% used [0x00000000e0000000,0x00000000e096f998,0x00000000e4280000)
 Metaspace       used 20772K, capacity 21104K, committed 21296K, reserved 1067008K
  class space    used 2757K, capacity 2869K, committed 2944K, reserved 1048576K
}
Event: 25.014 GC heap before
{Heap before GC invocations=6 (full 1):
 PSYoungGen      total 71680K, used 66560K [0x00000000f5580000, 0x00000000fa080000, 0x0000000100000000)
  eden space 66560K, 100% used [0x00000000f5580000,0x00000000f9680000,0x00000000f9680000)
  from space 5120K, 0% used [0x00000000f9b80000,0x00000000f9b80000,0x00000000fa080000)
  to   space 5120K, 0% used [0x00000000f9680000,0x00000000f9680000,0x00000000f9b80000)
 ParOldGen       total 68096K, used 9662K [0x00000000e0000000, 0x00000000e4280000, 0x00000000f5580000)
  object space 68096K, 14% used [0x00000000e0000000,0x00000000e096f998,0x00000000e4280000)
 Metaspace       used 26158K, capacity 26628K, committed 26752K, reserved 1073152K
  class space    used 3582K, capacity 3697K, committed 3712K, reserved 1048576K
Event: 25.040 GC heap after
Heap after GC invocations=6 (full 1):
 PSYoungGen      total 71680K, used 5098K [0x00000000f5580000, 0x00000000fc580000, 0x0000000100000000)
  eden space 66560K, 0% used [0x00000000f5580000,0x00000000f5580000,0x00000000f9680000)
  from space 5120K, 99% used [0x00000000f9680000,0x00000000f9b7a9a8,0x00000000f9b80000)
  to   space 11264K, 0% used [0x00000000fba80000,0x00000000fba80000,0x00000000fc580000)
 ParOldGen       total 68096K, used 12547K [0x00000000e0000000, 0x00000000e4280000, 0x00000000f5580000)
  object space 68096K, 18% used [0x00000000e0000000,0x00000000e0c40d28,0x00000000e4280000)
 Metaspace       used 26158K, capacity 26628K, committed 26752K, reserved 1073152K
  class space    used 3582K, capacity 3697K, committed 3712K, reserved 1048576K
}
Event: 43.929 GC heap before
{Heap before GC invocations=7 (full 1):
 PSYoungGen      total 71680K, used 71658K [0x00000000f5580000, 0x00000000fc580000, 0x0000000100000000)
  eden space 66560K, 100% used [0x00000000f5580000,0x00000000f9680000,0x00000000f9680000)
  from space 5120K, 99% used [0x00000000f9680000,0x00000000f9b7a9a8,0x00000000f9b80000)
  to   space 11264K, 0% used [0x00000000fba80000,0x00000000fba80000,0x00000000fc580000)
 ParOldGen       total 68096K, used 12547K [0x00000000e0000000, 0x00000000e4280000, 0x00000000f5580000)
  object space 68096K, 18% used [0x00000000e0000000,0x00000000e0c40d28,0x00000000e4280000)
 Metaspace       used 29618K, capacity 30042K, committed 30336K, reserved 1075200K
  class space    used 4005K, capacity 4151K, committed 4224K, reserved 1048576K
Event: 43.977 GC heap after
Heap after GC invocations=7 (full 1):
 PSYoungGen      total 95232K, used 6513K [0x00000000f5580000, 0x00000000fc100000, 0x0000000100000000)
  eden space 88576K, 0% used [0x00000000f5580000,0x00000000f5580000,0x00000000fac00000)
  from space 6656K, 97% used [0x00000000fba80000,0x00000000fc0dc678,0x00000000fc100000)
  to   space 10752K, 0% used [0x00000000fac00000,0x00000000fac00000,0x00000000fb680000)
 ParOldGen       total 68096K, used 12619K [0x00000000e0000000, 0x00000000e4280000, 0x00000000f5580000)
  object space 68096K, 18% used [0x00000000e0000000,0x00000000e0c52d38,0x00000000e4280000)
 Metaspace       used 29618K, capacity 30042K, committed 30336K, reserved 1075200K
  class space    used 4005K, capacity 4151K, committed 4224K, reserved 1048576K
}
Event: 50.962 GC heap before
{Heap before GC invocations=8 (full 1):
 PSYoungGen      total 95232K, used 75340K [0x00000000f5580000, 0x00000000fc100000, 0x0000000100000000)
  eden space 88576K, 77% used [0x00000000f5580000,0x00000000f98b6d30,0x00000000fac00000)
  from space 6656K, 97% used [0x00000000fba80000,0x00000000fc0dc678,0x00000000fc100000)
  to   space 10752K, 0% used [0x00000000fac00000,0x00000000fac00000,0x00000000fb680000)
 ParOldGen       total 68096K, used 12619K [0x00000000e0000000, 0x00000000e4280000, 0x00000000f5580000)
  object space 68096K, 18% used [0x00000000e0000000,0x00000000e0c52d38,0x00000000e4280000)
 Metaspace       used 34781K, capacity 35354K, committed 35496K, reserved 1079296K
  class space    used 4625K, capacity 4819K, committed 4864K, reserved 1048576K
Event: 51.088 GC heap after
Heap after GC invocations=8 (full 1):
 PSYoungGen      total 99328K, used 10722K [0x00000000f5580000, 0x00000000fe400000, 0x0000000100000000)
  eden space 88576K, 0% used [0x00000000f5580000,0x00000000f5580000,0x00000000fac00000)
  from space 10752K, 99% used [0x00000000fac00000,0x00000000fb6788d0,0x00000000fb680000)
  to   space 12288K, 0% used [0x00000000fd800000,0x00000000fd800000,0x00000000fe400000)
 ParOldGen       total 68096K, used 13119K [0x00000000e0000000, 0x00000000e4280000, 0x00000000f5580000)
  object space 68096K, 19% used [0x00000000e0000000,0x00000000e0ccfcb0,0x00000000e4280000)
 Metaspace       used 34781K, capacity 35354K, committed 35496K, reserved 1079296K
  class space    used 4625K, capacity 4819K, committed 4864K, reserved 1048576K
}
Event: 51.088 GC heap before
{Heap before GC invocations=9 (full 2):
 PSYoungGen      total 99328K, used 10722K [0x00000000f5580000, 0x00000000fe400000, 0x0000000100000000)
  eden space 88576K, 0% used [0x00000000f5580000,0x00000000f5580000,0x00000000fac00000)
  from space 10752K, 99% used [0x00000000fac00000,0x00000000fb6788d0,0x00000000fb680000)
  to   space 12288K, 0% used [0x00000000fd800000,0x00000000fd800000,0x00000000fe400000)
 ParOldGen       total 68096K, used 13119K [0x00000000e0000000, 0x00000000e4280000, 0x00000000f5580000)
  object space 68096K, 19% used [0x00000000e0000000,0x00000000e0ccfcb0,0x00000000e4280000)
 Metaspace       used 34781K, capacity 35354K, committed 35496K, reserved 1079296K
  class space    used 4625K, capacity 4819K, committed 4864K, reserved 1048576K
Event: 51.402 GC heap after
Heap after GC invocations=9 (full 2):
 PSYoungGen      total 99328K, used 0K [0x00000000f5580000, 0x00000000fe400000, 0x0000000100000000)
  eden space 88576K, 0% used [0x00000000f5580000,0x00000000f5580000,0x00000000fac00000)
  from space 10752K, 0% used [0x00000000fac00000,0x00000000fac00000,0x00000000fb680000)
  to   space 12288K, 0% used [0x00000000fd800000,0x00000000fd800000,0x00000000fe400000)
 ParOldGen       total 105984K, used 17745K [0x00000000e0000000, 0x00000000e6780000, 0x00000000f5580000)
  object space 105984K, 16% used [0x00000000e0000000,0x00000000e11544f0,0x00000000e6780000)
 Metaspace       used 34781K, capacity 35354K, committed 35496K, reserved 1079296K
  class space    used 4625K, capacity 4819K, committed 4864K, reserved 1048576K
}

