# JRE version: OpenJDK Runtime Environment (8.0_112-b06) (build 1.8.0_112-release-b06)
# Java VM: OpenJDK 64-Bit Server VM (25.112-b06 mixed mode windows-amd64 compressed oops)
Heap:
 PSYoungGen      total 109568K, used 30113K [0x00000000f5580000, 0x00000000fcb00000, 0x0000000100000000)
  eden space 98816K, 30% used [0x00000000f5580000,0x00000000f72e86d8,0x00000000fb600000)
  from space 10752K, 0% used [0x00000000fb600000,0x00000000fb600000,0x00000000fc080000)
  to   space 8704K, 0% used [0x00000000fc280000,0x00000000fc280000,0x00000000fcb00000)
 ParOldGen       total 104448K, used 17764K [0x00000000e0000000, 0x00000000e6600000, 0x00000000f5580000)
  object space 104448K, 17% used [0x00000000e0000000,0x00000000e11590c8,0x00000000e6600000)
 Metaspace       used 36908K, capacity 37542K, committed 37888K, reserved 1081344K
  class space    used 4884K, capacity 5089K, committed 5120K, reserved 1048576K
GC Heap History (10 events):
Event: 11.141 GC heap before
{Heap before GC invocations=5 (full 1):
 PSYoungGen      total 71680K, used 5108K [0x00000000f5580000, 0x00000000fa080000, 0x0000000100000000)
  eden space 66560K, 0% used [0x00000000f5580000,0x00000000f5580000,0x00000000f9680000)
  from space 5120K, 99% used [0x00000000f9b80000,0x00000000fa07d000,0x00000000fa080000)
  to   space 5120K, 0% used [0x00000000f9680000,0x00000000f9680000,0x00000000f9b80000)
 ParOldGen       total 87552K, used 8605K [0x00000000e0000000, 0x00000000e5580000, 0x00000000f5580000)
  object space 87552K, 9% used [0x00000000e0000000,0x00000000e08677b0,0x00000000e5580000)
 Metaspace       used 20822K, capacity 21108K, committed 21296K, reserved 1067008K
  class space    used 2763K, capacity 2869K, committed 2944K, reserved 1048576K
Event: 11.269 GC heap after
Heap after GC invocations=5 (full 1):
 PSYoungGen      total 71680K, used 0K [0x00000000f5580000, 0x00000000fa080000, 0x0000000100000000)
  eden space 66560K, 0% used [0x00000000f5580000,0x00000000f5580000,0x00000000f9680000)
  from space 5120K, 0% used [0x00000000f9b80000,0x00000000f9b80000,0x00000000fa080000)
  to   space 5120K, 0% used [0x00000000f9680000,0x00000000f9680000,0x00000000f9b80000)
 ParOldGen       total 65024K, used 9752K [0x00000000e0000000, 0x00000000e3f80000, 0x00000000f5580000)
  object space 65024K, 14% used [0x00000000e0000000,0x00000000e0986248,0x00000000e3f80000)
 Metaspace       used 20822K, capacity 21108K, committed 21296K, reserved 1067008K
  class space    used 2763K, capacity 2869K, committed 2944K, reserved 1048576K
}
Event: 13.567 GC heap before
{Heap before GC invocations=6 (full 1):
 PSYoungGen      total 71680K, used 66560K [0x00000000f5580000, 0x00000000fa080000, 0x0000000100000000)
  eden space 66560K, 100% used [0x00000000f5580000,0x00000000f9680000,0x00000000f9680000)
  from space 5120K, 0% used [0x00000000f9b80000,0x00000000f9b80000,0x00000000fa080000)
  to   space 5120K, 0% used [0x00000000f9680000,0x00000000f9680000,0x00000000f9b80000)
 ParOldGen       total 65024K, used 9752K [0x00000000e0000000, 0x00000000e3f80000, 0x00000000f5580000)
  object space 65024K, 14% used [0x00000000e0000000,0x00000000e0986248,0x00000000e3f80000)
 Metaspace       used 26141K, capacity 26536K, committed 26880K, reserved 1073152K
  class space    used 3589K, capacity 3729K, committed 3840K, reserved 1048576K
Event: 13.584 GC heap after
Heap after GC invocations=6 (full 1):
 PSYoungGen      total 71680K, used 5102K [0x00000000f5580000, 0x00000000fcd80000, 0x0000000100000000)
  eden space 66560K, 0% used [0x00000000f5580000,0x00000000f5580000,0x00000000f9680000)
  from space 5120K, 99% used [0x00000000f9680000,0x00000000f9b7b8d0,0x00000000f9b80000)
  to   space 11264K, 0% used [0x00000000fc280000,0x00000000fc280000,0x00000000fcd80000)
 ParOldGen       total 65024K, used 12610K [0x00000000e0000000, 0x00000000e3f80000, 0x00000000f5580000)
  object space 65024K, 19% used [0x00000000e0000000,0x00000000e0c50960,0x00000000e3f80000)
 Metaspace       used 26141K, capacity 26536K, committed 26880K, reserved 1073152K
  class space    used 3589K, capacity 3729K, committed 3840K, reserved 1048576K
}
Event: 19.865 GC heap before
{Heap before GC invocations=7 (full 1):
 PSYoungGen      total 71680K, used 71662K [0x00000000f5580000, 0x00000000fcd80000, 0x0000000100000000)
  eden space 66560K, 100% used [0x00000000f5580000,0x00000000f9680000,0x00000000f9680000)
  from space 5120K, 99% used [0x00000000f9680000,0x00000000f9b7b8d0,0x00000000f9b80000)
  to   space 11264K, 0% used [0x00000000fc280000,0x00000000fc280000,0x00000000fcd80000)
 ParOldGen       total 65024K, used 12610K [0x00000000e0000000, 0x00000000e3f80000, 0x00000000f5580000)
  object space 65024K, 19% used [0x00000000e0000000,0x00000000e0c50960,0x00000000e3f80000)
 Metaspace       used 29590K, capacity 29982K, committed 30336K, reserved 1075200K
  class space    used 4008K, capacity 4151K, committed 4224K, reserved 1048576K
Event: 19.910 GC heap after
Heap after GC invocations=7 (full 1):
 PSYoungGen      total 107520K, used 6689K [0x00000000f5580000, 0x00000000fcb00000, 0x0000000100000000)
  eden space 98816K, 0% used [0x00000000f5580000,0x00000000f5580000,0x00000000fb600000)
  from space 8704K, 76% used [0x00000000fc280000,0x00000000fc908678,0x00000000fcb00000)
  to   space 10752K, 0% used [0x00000000fb600000,0x00000000fb600000,0x00000000fc080000)
 ParOldGen       total 65024K, used 12618K [0x00000000e0000000, 0x00000000e3f80000, 0x00000000f5580000)
  object space 65024K, 19% used [0x00000000e0000000,0x00000000e0c52960,0x00000000e3f80000)
 Metaspace       used 29590K, capacity 29982K, committed 30336K, reserved 1075200K
  class space    used 4008K, capacity 4151K, committed 4224K, reserved 1048576K
}
Event: 23.050 GC heap before
{Heap before GC invocations=8 (full 1):
 PSYoungGen      total 107520K, used 74741K [0x00000000f5580000, 0x00000000fcb00000, 0x0000000100000000)
  eden space 98816K, 68% used [0x00000000f5580000,0x00000000f97f50c0,0x00000000fb600000)
  from space 8704K, 76% used [0x00000000fc280000,0x00000000fc908678,0x00000000fcb00000)
  to   space 10752K, 0% used [0x00000000fb600000,0x00000000fb600000,0x00000000fc080000)
 ParOldGen       total 65024K, used 12618K [0x00000000e0000000, 0x00000000e3f80000, 0x00000000f5580000)
  object space 65024K, 19% used [0x00000000e0000000,0x00000000e0c52960,0x00000000e3f80000)
 Metaspace       used 34720K, capacity 35358K, committed 35496K, reserved 1079296K
  class space    used 4631K, capacity 4819K, committed 4864K, reserved 1048576K
Event: 23.122 GC heap after
Heap after GC invocations=8 (full 1):
 PSYoungGen      total 109568K, used 10737K [0x00000000f5580000, 0x00000000fcb00000, 0x0000000100000000)
  eden space 98816K, 0% used [0x00000000f5580000,0x00000000f5580000,0x00000000fb600000)
  from space 10752K, 99% used [0x00000000fb600000,0x00000000fc07c550,0x00000000fc080000)
  to   space 8704K, 0% used [0x00000000fc280000,0x00000000fc280000,0x00000000fcb00000)
 ParOldGen       total 65024K, used 13193K [0x00000000e0000000, 0x00000000e3f80000, 0x00000000f5580000)
  object space 65024K, 20% used [0x00000000e0000000,0x00000000e0ce27d0,0x00000000e3f80000)
 Metaspace       used 34720K, capacity 35358K, committed 35496K, reserved 1079296K
  class space    used 4631K, capacity 4819K, committed 4864K, reserved 1048576K
}
Event: 23.122 GC heap before
{Heap before GC invocations=9 (full 2):
 PSYoungGen      total 109568K, used 10737K [0x00000000f5580000, 0x00000000fcb00000, 0x0000000100000000)
  eden space 98816K, 0% used [0x00000000f5580000,0x00000000f5580000,0x00000000fb600000)
  from space 10752K, 99% used [0x00000000fb600000,0x00000000fc07c550,0x00000000fc080000)
  to   space 8704K, 0% used [0x00000000fc280000,0x00000000fc280000,0x00000000fcb00000)
 ParOldGen       total 65024K, used 13193K [0x00000000e0000000, 0x00000000e3f80000, 0x00000000f5580000)
  object space 65024K, 20% used [0x00000000e0000000,0x00000000e0ce27d0,0x00000000e3f80000)
 Metaspace       used 34720K, capacity 35358K, committed 35496K, reserved 1079296K
  class space    used 4631K, capacity 4819K, committed 4864K, reserved 1048576K
Event: 23.573 GC heap after
Heap after GC invocations=9 (full 2):
 PSYoungGen      total 109568K, used 0K [0x00000000f5580000, 0x00000000fcb00000, 0x0000000100000000)
  eden space 98816K, 0% used [0x00000000f5580000,0x00000000f5580000,0x00000000fb600000)
  from space 10752K, 0% used [0x00000000fb600000,0x00000000fb600000,0x00000000fc080000)
  to   space 8704K, 0% used [0x00000000fc280000,0x00000000fc280000,0x00000000fcb00000)
 ParOldGen       total 104448K, used 17764K [0x00000000e0000000, 0x00000000e6600000, 0x00000000f5580000)
  object space 104448K, 17% used [0x00000000e0000000,0x00000000e11590c8,0x00000000e6600000)
 Metaspace       used 34720K, capacity 35358K, committed 35496K, reserved 1079296K
  class space    used 4631K, capacity 4819K, committed 4864K, reserved 1048576K
}

