# JRE version: OpenJDK Runtime Environment (8.0_112-b06) (build 1.8.0_112-release-b06)
# Java VM: OpenJDK 64-Bit Server VM (25.112-b06 mixed mode windows-amd64 compressed oops)
Heap:
 PSYoungGen      total 155136K, used 93578K [0x00000000f5580000, 0x0000000100000000, 0x0000000100000000)
  eden space 140288K, 59% used [0x00000000f5580000,0x00000000fa695478,0x00000000fde80000)
  from space 14848K, 71% used [0x00000000fed80000,0x00000000ff7cd6f8,0x00000000ffc00000)
  to   space 15360K, 0% used [0x00000000fde80000,0x00000000fde80000,0x00000000fed80000)
 ParOldGen       total 89088K, used 28735K [0x00000000e0000000, 0x00000000e5700000, 0x00000000f5580000)
  object space 89088K, 32% used [0x00000000e0000000,0x00000000e1c0fd08,0x00000000e5700000)
 Metaspace       used 57180K, capacity 58772K, committed 59008K, reserved 1099776K
  class space    used 7589K, capacity 7951K, committed 8064K, reserved 1048576K
GC Heap History (10 events):
Event: 20.729 GC heap before
{Heap before GC invocations=10 (full 1):
 PSYoungGen      total 92672K, used 39554K [0x00000000f5580000, 0x00000000fbd00000, 0x0000000100000000)
  eden space 82432K, 35% used [0x00000000f5580000,0x00000000f7226310,0x00000000fa600000)
  from space 10240K, 99% used [0x00000000fb200000,0x00000000fbbfa728,0x00000000fbc00000)
  to   space 11776K, 0% used [0x00000000fa600000,0x00000000fa600000,0x00000000fb180000)
 ParOldGen       total 62464K, used 9863K [0x00000000e0000000, 0x00000000e3d00000, 0x00000000f5580000)
  object space 62464K, 15% used [0x00000000e0000000,0x00000000e09a1e30,0x00000000e3d00000)
 Metaspace       used 34796K, capacity 35386K, committed 35496K, reserved 1079296K
  class space    used 4643K, capacity 4851K, committed 4864K, reserved 1048576K
Event: 20.749 GC heap after
Heap after GC invocations=10 (full 1):
 PSYoungGen      total 94208K, used 4740K [0x00000000f5580000, 0x00000000fdd00000, 0x0000000100000000)
  eden space 82432K, 0% used [0x00000000f5580000,0x00000000f5580000,0x00000000fa600000)
  from space 11776K, 40% used [0x00000000fa600000,0x00000000faaa13f0,0x00000000fb180000)
  to   space 11776K, 0% used [0x00000000fd180000,0x00000000fd180000,0x00000000fdd00000)
 ParOldGen       total 62464K, used 13168K [0x00000000e0000000, 0x00000000e3d00000, 0x00000000f5580000)
  object space 62464K, 21% used [0x00000000e0000000,0x00000000e0cdc1a0,0x00000000e3d00000)
 Metaspace       used 34796K, capacity 35386K, committed 35496K, reserved 1079296K
  class space    used 4643K, capacity 4851K, committed 4864K, reserved 1048576K
}
Event: 20.750 GC heap before
{Heap before GC invocations=11 (full 2):
 PSYoungGen      total 94208K, used 4740K [0x00000000f5580000, 0x00000000fdd00000, 0x0000000100000000)
  eden space 82432K, 0% used [0x00000000f5580000,0x00000000f5580000,0x00000000fa600000)
  from space 11776K, 40% used [0x00000000fa600000,0x00000000faaa13f0,0x00000000fb180000)
  to   space 11776K, 0% used [0x00000000fd180000,0x00000000fd180000,0x00000000fdd00000)
 ParOldGen       total 62464K, used 13168K [0x00000000e0000000, 0x00000000e3d00000, 0x00000000f5580000)
  object space 62464K, 21% used [0x00000000e0000000,0x00000000e0cdc1a0,0x00000000e3d00000)
 Metaspace       used 34796K, capacity 35386K, committed 35496K, reserved 1079296K
  class space    used 4643K, capacity 4851K, committed 4864K, reserved 1048576K
Event: 20.935 GC heap after
Heap after GC invocations=11 (full 2):
 PSYoungGen      total 94208K, used 0K [0x00000000f5580000, 0x00000000fdd00000, 0x0000000100000000)
  eden space 82432K, 0% used [0x00000000f5580000,0x00000000f5580000,0x00000000fa600000)
  from space 11776K, 0% used [0x00000000fa600000,0x00000000fa600000,0x00000000fb180000)
  to   space 11776K, 0% used [0x00000000fd180000,0x00000000fd180000,0x00000000fdd00000)
 ParOldGen       total 89088K, used 14731K [0x00000000e0000000, 0x00000000e5700000, 0x00000000f5580000)
  object space 89088K, 16% used [0x00000000e0000000,0x00000000e0e62e10,0x00000000e5700000)
 Metaspace       used 34796K, capacity 35386K, committed 35496K, reserved 1079296K
  class space    used 4643K, capacity 4851K, committed 4864K, reserved 1048576K
}
Event: 23.246 GC heap before
{Heap before GC invocations=12 (full 2):
 PSYoungGen      total 94208K, used 82432K [0x00000000f5580000, 0x00000000fdd00000, 0x0000000100000000)
  eden space 82432K, 100% used [0x00000000f5580000,0x00000000fa600000,0x00000000fa600000)
  from space 11776K, 0% used [0x00000000fa600000,0x00000000fa600000,0x00000000fb180000)
  to   space 11776K, 0% used [0x00000000fd180000,0x00000000fd180000,0x00000000fdd00000)
 ParOldGen       total 89088K, used 14731K [0x00000000e0000000, 0x00000000e5700000, 0x00000000f5580000)
  object space 89088K, 16% used [0x00000000e0000000,0x00000000e0e62e10,0x00000000e5700000)
 Metaspace       used 42145K, capacity 42948K, committed 43264K, reserved 1087488K
  class space    used 5640K, capacity 5843K, committed 5888K, reserved 1048576K
Event: 23.256 GC heap after
Heap after GC invocations=12 (full 2):
 PSYoungGen      total 117248K, used 9432K [0x00000000f5580000, 0x00000000fdb00000, 0x0000000100000000)
  eden space 107520K, 0% used [0x00000000f5580000,0x00000000f5580000,0x00000000fbe80000)
  from space 9728K, 96% used [0x00000000fd180000,0x00000000fdab6388,0x00000000fdb00000)
  to   space 12288K, 0% used [0x00000000fc300000,0x00000000fc300000,0x00000000fcf00000)
 ParOldGen       total 89088K, used 14739K [0x00000000e0000000, 0x00000000e5700000, 0x00000000f5580000)
  object space 89088K, 16% used [0x00000000e0000000,0x00000000e0e64e10,0x00000000e5700000)
 Metaspace       used 42145K, capacity 42948K, committed 43264K, reserved 1087488K
  class space    used 5640K, capacity 5843K, committed 5888K, reserved 1048576K
}
Event: 28.193 GC heap before
{Heap before GC invocations=13 (full 2):
 PSYoungGen      total 117248K, used 116952K [0x00000000f5580000, 0x00000000fdb00000, 0x0000000100000000)
  eden space 107520K, 100% used [0x00000000f5580000,0x00000000fbe80000,0x00000000fbe80000)
  from space 9728K, 96% used [0x00000000fd180000,0x00000000fdab6388,0x00000000fdb00000)
  to   space 12288K, 0% used [0x00000000fc300000,0x00000000fc300000,0x00000000fcf00000)
 ParOldGen       total 89088K, used 14739K [0x00000000e0000000, 0x00000000e5700000, 0x00000000f5580000)
  object space 89088K, 16% used [0x00000000e0000000,0x00000000e0e64e10,0x00000000e5700000)
 Metaspace       used 46317K, capacity 47680K, committed 47872K, reserved 1091584K
  class space    used 6239K, capacity 6533K, committed 6656K, reserved 1048576K
Event: 28.268 GC heap after
Heap after GC invocations=13 (full 2):
 PSYoungGen      total 124416K, used 12267K [0x00000000f5580000, 0x00000000ffc00000, 0x0000000100000000)
  eden space 112128K, 0% used [0x00000000f5580000,0x00000000f5580000,0x00000000fc300000)
  from space 12288K, 99% used [0x00000000fc300000,0x00000000fcefafb8,0x00000000fcf00000)
  to   space 14848K, 0% used [0x00000000fed80000,0x00000000fed80000,0x00000000ffc00000)
 ParOldGen       total 89088K, used 17669K [0x00000000e0000000, 0x00000000e5700000, 0x00000000f5580000)
  object space 89088K, 19% used [0x00000000e0000000,0x00000000e1141498,0x00000000e5700000)
 Metaspace       used 46317K, capacity 47680K, committed 47872K, reserved 1091584K
  class space    used 6239K, capacity 6533K, committed 6656K, reserved 1048576K
}
Event: 43.408 GC heap before
{Heap before GC invocations=14 (full 2):
 PSYoungGen      total 124416K, used 124395K [0x00000000f5580000, 0x00000000ffc00000, 0x0000000100000000)
  eden space 112128K, 100% used [0x00000000f5580000,0x00000000fc300000,0x00000000fc300000)
  from space 12288K, 99% used [0x00000000fc300000,0x00000000fcefafb8,0x00000000fcf00000)
  to   space 14848K, 0% used [0x00000000fed80000,0x00000000fed80000,0x00000000ffc00000)
 ParOldGen       total 89088K, used 17669K [0x00000000e0000000, 0x00000000e5700000, 0x00000000f5580000)
  object space 89088K, 19% used [0x00000000e0000000,0x00000000e1141498,0x00000000e5700000)
 Metaspace       used 51559K, capacity 53124K, committed 53376K, reserved 1095680K
  class space    used 6930K, capacity 7267K, committed 7296K, reserved 1048576K
Event: 43.481 GC heap after
Heap after GC invocations=14 (full 2):
 PSYoungGen      total 155136K, used 10549K [0x00000000f5580000, 0x0000000100000000, 0x0000000100000000)
  eden space 140288K, 0% used [0x00000000f5580000,0x00000000f5580000,0x00000000fde80000)
  from space 14848K, 71% used [0x00000000fed80000,0x00000000ff7cd6f8,0x00000000ffc00000)
  to   space 15360K, 0% used [0x00000000fde80000,0x00000000fde80000,0x00000000fed80000)
 ParOldGen       total 89088K, used 28735K [0x00000000e0000000, 0x00000000e5700000, 0x00000000f5580000)
  object space 89088K, 32% used [0x00000000e0000000,0x00000000e1c0fd08,0x00000000e5700000)
 Metaspace       used 51559K, capacity 53124K, committed 53376K, reserved 1095680K
  class space    used 6930K, capacity 7267K, committed 7296K, reserved 1048576K
}

