# JRE version: OpenJDK Runtime Environment (8.0_112-b06) (build 1.8.0_112-release-b06)
# Java VM: OpenJDK 64-Bit Server VM (25.112-b06 mixed mode windows-amd64 compressed oops)
Heap:
 PSYoungGen      total 99840K, used 42052K [0x00000000f5580000, 0x00000000fc400000, 0x0000000100000000)
  eden space 91648K, 36% used [0x00000000f5580000,0x00000000f7699068,0x00000000faf00000)
  from space 8192K, 99% used [0x00000000fbc00000,0x00000000fc3f8210,0x00000000fc400000)
  to   space 10752K, 0% used [0x00000000faf00000,0x00000000faf00000,0x00000000fb980000)
 ParOldGen       total 67584K, used 38634K [0x00000000e0000000, 0x00000000e4200000, 0x00000000f5580000)
  object space 67584K, 57% used [0x00000000e0000000,0x00000000e25babf0,0x00000000e4200000)
 Metaspace       used 55495K, capacity 57006K, committed 57216K, reserved 1099776K
  class space    used 7396K, capacity 7764K, committed 7808K, reserved 1048576K
GC Heap History (10 events):
Event: 21.313 GC heap before
{Heap before GC invocations=8 (full 1):
 PSYoungGen      total 99840K, used 77512K [0x00000000f5580000, 0x00000000fc400000, 0x0000000100000000)
  eden space 91648K, 77% used [0x00000000f5580000,0x00000000f9ac5988,0x00000000faf00000)
  from space 8192K, 80% used [0x00000000fbc00000,0x00000000fc26c688,0x00000000fc400000)
  to   space 10752K, 0% used [0x00000000faf00000,0x00000000faf00000,0x00000000fb980000)
 ParOldGen       total 67584K, used 12696K [0x00000000e0000000, 0x00000000e4200000, 0x00000000f5580000)
  object space 67584K, 18% used [0x00000000e0000000,0x00000000e0c66278,0x00000000e4200000)
 Metaspace       used 34718K, capacity 35358K, committed 35496K, reserved 1079296K
  class space    used 4630K, capacity 4819K, committed 4864K, reserved 1048576K
Event: 21.355 GC heap after
Heap after GC invocations=8 (full 1):
 PSYoungGen      total 102400K, used 10737K [0x00000000f5580000, 0x00000000fc400000, 0x0000000100000000)
  eden space 91648K, 0% used [0x00000000f5580000,0x00000000f5580000,0x00000000faf00000)
  from space 10752K, 99% used [0x00000000faf00000,0x00000000fb97c6e8,0x00000000fb980000)
  to   space 8192K, 0% used [0x00000000fbc00000,0x00000000fbc00000,0x00000000fc400000)
 ParOldGen       total 67584K, used 13295K [0x00000000e0000000, 0x00000000e4200000, 0x00000000f5580000)
  object space 67584K, 19% used [0x00000000e0000000,0x00000000e0cfbe10,0x00000000e4200000)
 Metaspace       used 34718K, capacity 35358K, committed 35496K, reserved 1079296K
  class space    used 4630K, capacity 4819K, committed 4864K, reserved 1048576K
}
Event: 21.355 GC heap before
{Heap before GC invocations=9 (full 2):
 PSYoungGen      total 102400K, used 10737K [0x00000000f5580000, 0x00000000fc400000, 0x0000000100000000)
  eden space 91648K, 0% used [0x00000000f5580000,0x00000000f5580000,0x00000000faf00000)
  from space 10752K, 99% used [0x00000000faf00000,0x00000000fb97c6e8,0x00000000fb980000)
  to   space 8192K, 0% used [0x00000000fbc00000,0x00000000fbc00000,0x00000000fc400000)
 ParOldGen       total 67584K, used 13295K [0x00000000e0000000, 0x00000000e4200000, 0x00000000f5580000)
  object space 67584K, 19% used [0x00000000e0000000,0x00000000e0cfbe10,0x00000000e4200000)
 Metaspace       used 34718K, capacity 35358K, committed 35496K, reserved 1079296K
  class space    used 4630K, capacity 4819K, committed 4864K, reserved 1048576K
Event: 21.599 GC heap after
Heap after GC invocations=9 (full 2):
 PSYoungGen      total 102400K, used 0K [0x00000000f5580000, 0x00000000fc400000, 0x0000000100000000)
  eden space 91648K, 0% used [0x00000000f5580000,0x00000000f5580000,0x00000000faf00000)
  from space 10752K, 0% used [0x00000000faf00000,0x00000000faf00000,0x00000000fb980000)
  to   space 8192K, 0% used [0x00000000fbc00000,0x00000000fbc00000,0x00000000fc400000)
 ParOldGen       total 67584K, used 17811K [0x00000000e0000000, 0x00000000e4200000, 0x00000000f5580000)
  object space 67584K, 26% used [0x00000000e0000000,0x00000000e1164e58,0x00000000e4200000)
 Metaspace       used 34718K, capacity 35358K, committed 35496K, reserved 1079296K
  class space    used 4630K, capacity 4819K, committed 4864K, reserved 1048576K
}
Event: 25.018 GC heap before
{Heap before GC invocations=10 (full 2):
 PSYoungGen      total 102400K, used 91648K [0x00000000f5580000, 0x00000000fc400000, 0x0000000100000000)
  eden space 91648K, 100% used [0x00000000f5580000,0x00000000faf00000,0x00000000faf00000)
  from space 10752K, 0% used [0x00000000faf00000,0x00000000faf00000,0x00000000fb980000)
  to   space 8192K, 0% used [0x00000000fbc00000,0x00000000fbc00000,0x00000000fc400000)
 ParOldGen       total 67584K, used 17811K [0x00000000e0000000, 0x00000000e4200000, 0x00000000f5580000)
  object space 67584K, 26% used [0x00000000e0000000,0x00000000e1164e58,0x00000000e4200000)
 Metaspace       used 42191K, capacity 42942K, committed 43264K, reserved 1087488K
  class space    used 5647K, capacity 5852K, committed 5888K, reserved 1048576K
Event: 25.050 GC heap after
Heap after GC invocations=10 (full 2):
 PSYoungGen      total 99840K, used 8183K [0x00000000f5580000, 0x00000000fc400000, 0x0000000100000000)
  eden space 91648K, 0% used [0x00000000f5580000,0x00000000f5580000,0x00000000faf00000)
  from space 8192K, 99% used [0x00000000fbc00000,0x00000000fc3fdef8,0x00000000fc400000)
  to   space 10752K, 0% used [0x00000000faf00000,0x00000000faf00000,0x00000000fb980000)
 ParOldGen       total 67584K, used 19293K [0x00000000e0000000, 0x00000000e4200000, 0x00000000f5580000)
  object space 67584K, 28% used [0x00000000e0000000,0x00000000e12d7470,0x00000000e4200000)
 Metaspace       used 42191K, capacity 42942K, committed 43264K, reserved 1087488K
  class space    used 5647K, capacity 5852K, committed 5888K, reserved 1048576K
}
Event: 29.770 GC heap before
{Heap before GC invocations=11 (full 2):
 PSYoungGen      total 99840K, used 99831K [0x00000000f5580000, 0x00000000fc400000, 0x0000000100000000)
  eden space 91648K, 100% used [0x00000000f5580000,0x00000000faf00000,0x00000000faf00000)
  from space 8192K, 99% used [0x00000000fbc00000,0x00000000fc3fdef8,0x00000000fc400000)
  to   space 10752K, 0% used [0x00000000faf00000,0x00000000faf00000,0x00000000fb980000)
 ParOldGen       total 67584K, used 19293K [0x00000000e0000000, 0x00000000e4200000, 0x00000000f5580000)
  object space 67584K, 28% used [0x00000000e0000000,0x00000000e12d7470,0x00000000e4200000)
 Metaspace       used 46302K, capacity 47588K, committed 47872K, reserved 1091584K
  class space    used 6254K, capacity 6541K, committed 6656K, reserved 1048576K
Event: 29.855 GC heap after
Heap after GC invocations=11 (full 2):
 PSYoungGen      total 102400K, used 10720K [0x00000000f5580000, 0x00000000fc400000, 0x0000000100000000)
  eden space 91648K, 0% used [0x00000000f5580000,0x00000000f5580000,0x00000000faf00000)
  from space 10752K, 99% used [0x00000000faf00000,0x00000000fb978018,0x00000000fb980000)
  to   space 8192K, 0% used [0x00000000fbc00000,0x00000000fbc00000,0x00000000fc400000)
 ParOldGen       total 67584K, used 23273K [0x00000000e0000000, 0x00000000e4200000, 0x00000000f5580000)
  object space 67584K, 34% used [0x00000000e0000000,0x00000000e16ba4a0,0x00000000e4200000)
 Metaspace       used 46302K, capacity 47588K, committed 47872K, reserved 1091584K
  class space    used 6254K, capacity 6541K, committed 6656K, reserved 1048576K
}
Event: 38.761 GC heap before
{Heap before GC invocations=12 (full 2):
 PSYoungGen      total 102400K, used 102368K [0x00000000f5580000, 0x00000000fc400000, 0x0000000100000000)
  eden space 91648K, 100% used [0x00000000f5580000,0x00000000faf00000,0x00000000faf00000)
  from space 10752K, 99% used [0x00000000faf00000,0x00000000fb978018,0x00000000fb980000)
  to   space 8192K, 0% used [0x00000000fbc00000,0x00000000fbc00000,0x00000000fc400000)
 ParOldGen       total 67584K, used 23273K [0x00000000e0000000, 0x00000000e4200000, 0x00000000f5580000)
  object space 67584K, 34% used [0x00000000e0000000,0x00000000e16ba4a0,0x00000000e4200000)
 Metaspace       used 54239K, capacity 55790K, committed 56064K, reserved 1097728K
  class space    used 7290K, capacity 7636K, committed 7680K, reserved 1048576K
Event: 38.860 GC heap after
Heap after GC invocations=12 (full 2):
 PSYoungGen      total 99840K, used 8160K [0x00000000f5580000, 0x00000000fc400000, 0x0000000100000000)
  eden space 91648K, 0% used [0x00000000f5580000,0x00000000f5580000,0x00000000faf00000)
  from space 8192K, 99% used [0x00000000fbc00000,0x00000000fc3f8210,0x00000000fc400000)
  to   space 10752K, 0% used [0x00000000faf00000,0x00000000faf00000,0x00000000fb980000)
 ParOldGen       total 67584K, used 38634K [0x00000000e0000000, 0x00000000e4200000, 0x00000000f5580000)
  object space 67584K, 57% used [0x00000000e0000000,0x00000000e25babf0,0x00000000e4200000)
 Metaspace       used 54239K, capacity 55790K, committed 56064K, reserved 1097728K
  class space    used 7290K, capacity 7636K, committed 7680K, reserved 1048576K
}

