# JRE version: OpenJDK Runtime Environment (8.0_112-b06) (build 1.8.0_112-release-b06)
# Java VM: OpenJDK 64-Bit Server VM (25.112-b06 mixed mode windows-amd64 compressed oops)
Heap:
 PSYoungGen      total 144896K, used 82769K [0x00000000f5580000, 0x0000000100000000, 0x0000000100000000)
  eden space 114688K, 68% used [0x00000000f5580000,0x00000000fa210788,0x00000000fc580000)
  from space 30208K, 14% used [0x00000000fe280000,0x00000000fe6c4010,0x0000000100000000)
  to   space 29696K, 0% used [0x00000000fc580000,0x00000000fc580000,0x00000000fe280000)
 ParOldGen       total 69120K, used 49919K [0x00000000e0000000, 0x00000000e4380000, 0x00000000f5580000)
  object space 69120K, 72% used [0x00000000e0000000,0x00000000e30bfdf8,0x00000000e4380000)
 Metaspace       used 62822K, capacity 65482K, committed 65536K, reserved 1105920K
  class space    used 8370K, capacity 8928K, committed 8960K, reserved 1048576K
GC Heap History (10 events):
Event: 60.535 GC heap before
{Heap before GC invocations=15 (full 2):
 PSYoungGen      total 103936K, used 103907K [0x00000000f5580000, 0x00000000fcf80000, 0x0000000100000000)
  eden space 91648K, 100% used [0x00000000f5580000,0x00000000faf00000,0x00000000faf00000)
  from space 12288K, 99% used [0x00000000fbd80000,0x00000000fc978c98,0x00000000fc980000)
  to   space 14848K, 0% used [0x00000000faf00000,0x00000000faf00000,0x00000000fbd80000)
 ParOldGen       total 69120K, used 20253K [0x00000000e0000000, 0x00000000e4380000, 0x00000000f5580000)
  object space 69120K, 29% used [0x00000000e0000000,0x00000000e13c7570,0x00000000e4380000)
 Metaspace       used 50586K, capacity 52324K, committed 52480K, reserved 1093632K
  class space    used 6960K, capacity 7347K, committed 7424K, reserved 1048576K
Event: 60.568 GC heap after
Heap after GC invocations=15 (full 2):
 PSYoungGen      total 106496K, used 14816K [0x00000000f5580000, 0x00000000fed80000, 0x0000000100000000)
  eden space 91648K, 0% used [0x00000000f5580000,0x00000000f5580000,0x00000000faf00000)
  from space 14848K, 99% used [0x00000000faf00000,0x00000000fbd78018,0x00000000fbd80000)
  to   space 19968K, 0% used [0x00000000fda00000,0x00000000fda00000,0x00000000fed80000)
 ParOldGen       total 69120K, used 28961K [0x00000000e0000000, 0x00000000e4380000, 0x00000000f5580000)
  object space 69120K, 41% used [0x00000000e0000000,0x00000000e1c48638,0x00000000e4380000)
 Metaspace       used 50586K, capacity 52324K, committed 52480K, reserved 1093632K
  class space    used 6960K, capacity 7347K, committed 7424K, reserved 1048576K
}
Event: 68.158 GC heap before
{Heap before GC invocations=16 (full 2):
 PSYoungGen      total 106496K, used 106464K [0x00000000f5580000, 0x00000000fed80000, 0x0000000100000000)
  eden space 91648K, 100% used [0x00000000f5580000,0x00000000faf00000,0x00000000faf00000)
  from space 14848K, 99% used [0x00000000faf00000,0x00000000fbd78018,0x00000000fbd80000)
  to   space 19968K, 0% used [0x00000000fda00000,0x00000000fda00000,0x00000000fed80000)
 ParOldGen       total 69120K, used 28961K [0x00000000e0000000, 0x00000000e4380000, 0x00000000f5580000)
  object space 69120K, 41% used [0x00000000e0000000,0x00000000e1c48638,0x00000000e4380000)
 Metaspace       used 53699K, capacity 55970K, committed 56192K, reserved 1097728K
  class space    used 7300K, capacity 7766K, committed 7808K, reserved 1048576K
Event: 68.275 GC heap after
Heap after GC invocations=16 (full 2):
 PSYoungGen      total 131584K, used 19952K [0x00000000f5580000, 0x00000000ff700000, 0x0000000100000000)
  eden space 111616K, 0% used [0x00000000f5580000,0x00000000f5580000,0x00000000fc280000)
  from space 19968K, 99% used [0x00000000fda00000,0x00000000fed7c240,0x00000000fed80000)
  to   space 24064K, 0% used [0x00000000fc280000,0x00000000fc280000,0x00000000fda00000)
 ParOldGen       total 69120K, used 32154K [0x00000000e0000000, 0x00000000e4380000, 0x00000000f5580000)
  object space 69120K, 46% used [0x00000000e0000000,0x00000000e1f66a60,0x00000000e4380000)
 Metaspace       used 53699K, capacity 55970K, committed 56192K, reserved 1097728K
  class space    used 7300K, capacity 7766K, committed 7808K, reserved 1048576K
}
Event: 75.189 GC heap before
{Heap before GC invocations=17 (full 2):
 PSYoungGen      total 131584K, used 94796K [0x00000000f5580000, 0x00000000ff700000, 0x0000000100000000)
  eden space 111616K, 67% used [0x00000000f5580000,0x00000000f9e96e68,0x00000000fc280000)
  from space 19968K, 99% used [0x00000000fda00000,0x00000000fed7c240,0x00000000fed80000)
  to   space 24064K, 0% used [0x00000000fc280000,0x00000000fc280000,0x00000000fda00000)
 ParOldGen       total 69120K, used 32154K [0x00000000e0000000, 0x00000000e4380000, 0x00000000f5580000)
  object space 69120K, 46% used [0x00000000e0000000,0x00000000e1f66a60,0x00000000e4380000)
 Metaspace       used 56736K, capacity 58994K, committed 59136K, reserved 1099776K
  class space    used 7652K, capacity 8152K, committed 8192K, reserved 1048576K
Event: 75.401 GC heap after
Heap after GC invocations=17 (full 2):
 PSYoungGen      total 135680K, used 24048K [0x00000000f5580000, 0x0000000100000000, 0x0000000100000000)
  eden space 111616K, 0% used [0x00000000f5580000,0x00000000f5580000,0x00000000fc280000)
  from space 24064K, 99% used [0x00000000fc280000,0x00000000fd9fc240,0x00000000fda00000)
  to   space 30208K, 0% used [0x00000000fe280000,0x00000000fe280000,0x0000000100000000)
 ParOldGen       total 69120K, used 38912K [0x00000000e0000000, 0x00000000e4380000, 0x00000000f5580000)
  object space 69120K, 56% used [0x00000000e0000000,0x00000000e2600268,0x00000000e4380000)
 Metaspace       used 56736K, capacity 58994K, committed 59136K, reserved 1099776K
  class space    used 7652K, capacity 8152K, committed 8192K, reserved 1048576K
}
Event: 75.401 GC heap before
{Heap before GC invocations=18 (full 3):
 PSYoungGen      total 135680K, used 24048K [0x00000000f5580000, 0x0000000100000000, 0x0000000100000000)
  eden space 111616K, 0% used [0x00000000f5580000,0x00000000f5580000,0x00000000fc280000)
  from space 24064K, 99% used [0x00000000fc280000,0x00000000fd9fc240,0x00000000fda00000)
  to   space 30208K, 0% used [0x00000000fe280000,0x00000000fe280000,0x0000000100000000)
 ParOldGen       total 69120K, used 38912K [0x00000000e0000000, 0x00000000e4380000, 0x00000000f5580000)
  object space 69120K, 56% used [0x00000000e0000000,0x00000000e2600268,0x00000000e4380000)
 Metaspace       used 56736K, capacity 58994K, committed 59136K, reserved 1099776K
  class space    used 7652K, capacity 8152K, committed 8192K, reserved 1048576K
Event: 76.807 GC heap after
Heap after GC invocations=18 (full 3):
 PSYoungGen      total 135680K, used 0K [0x00000000f5580000, 0x0000000100000000, 0x0000000100000000)
  eden space 111616K, 0% used [0x00000000f5580000,0x00000000f5580000,0x00000000fc280000)
  from space 24064K, 0% used [0x00000000fc280000,0x00000000fc280000,0x00000000fda00000)
  to   space 30208K, 0% used [0x00000000fe280000,0x00000000fe280000,0x0000000100000000)
 ParOldGen       total 69120K, used 49911K [0x00000000e0000000, 0x00000000e4380000, 0x00000000f5580000)
  object space 69120K, 72% used [0x00000000e0000000,0x00000000e30bddf8,0x00000000e4380000)
 Metaspace       used 56736K, capacity 58994K, committed 59136K, reserved 1099776K
  class space    used 7652K, capacity 8152K, committed 8192K, reserved 1048576K
}
Event: 98.229 GC heap before
{Heap before GC invocations=19 (full 3):
 PSYoungGen      total 135680K, used 111616K [0x00000000f5580000, 0x0000000100000000, 0x0000000100000000)
  eden space 111616K, 100% used [0x00000000f5580000,0x00000000fc280000,0x00000000fc280000)
  from space 24064K, 0% used [0x00000000fc280000,0x00000000fc280000,0x00000000fda00000)
  to   space 30208K, 0% used [0x00000000fe280000,0x00000000fe280000,0x0000000100000000)
 ParOldGen       total 69120K, used 49911K [0x00000000e0000000, 0x00000000e4380000, 0x00000000f5580000)
  object space 69120K, 72% used [0x00000000e0000000,0x00000000e30bddf8,0x00000000e4380000)
 Metaspace       used 58218K, capacity 60694K, committed 60928K, reserved 1101824K
  class space    used 7811K, capacity 8326K, committed 8448K, reserved 1048576K
Event: 98.255 GC heap after
Heap after GC invocations=19 (full 3):
 PSYoungGen      total 144896K, used 4368K [0x00000000f5580000, 0x0000000100000000, 0x0000000100000000)
  eden space 114688K, 0% used [0x00000000f5580000,0x00000000f5580000,0x00000000fc580000)
  from space 30208K, 14% used [0x00000000fe280000,0x00000000fe6c4010,0x0000000100000000)
  to   space 29696K, 0% used [0x00000000fc580000,0x00000000fc580000,0x00000000fe280000)
 ParOldGen       total 69120K, used 49919K [0x00000000e0000000, 0x00000000e4380000, 0x00000000f5580000)
  object space 69120K, 72% used [0x00000000e0000000,0x00000000e30bfdf8,0x00000000e4380000)
 Metaspace       used 58218K, capacity 60694K, committed 60928K, reserved 1101824K
  class space    used 7811K, capacity 8326K, committed 8448K, reserved 1048576K
}

