# JRE version: OpenJDK Runtime Environment (8.0_112-b06) (build 1.8.0_112-release-b06)
# Java VM: OpenJDK 64-Bit Server VM (25.112-b06 mixed mode windows-amd64 compressed oops)
Heap:
 PSYoungGen      total 107520K, used 32912K [0x00000000f5580000, 0x00000000fc900000, 0x0000000100000000)
  eden space 96768K, 22% used [0x00000000f5580000,0x00000000f6b2b378,0x00000000fb400000)
  from space 10752K, 99% used [0x00000000fb400000,0x00000000fbe78c98,0x00000000fbe80000)
  to   space 7680K, 0% used [0x00000000fc180000,0x00000000fc180000,0x00000000fc900000)
 ParOldGen       total 64512K, used 24543K [0x00000000e0000000, 0x00000000e3f00000, 0x00000000f5580000)
  object space 64512K, 38% used [0x00000000e0000000,0x00000000e17f7c10,0x00000000e3f00000)
 Metaspace       used 47735K, capacity 49140K, committed 49280K, reserved 1091584K
  class space    used 6442K, capacity 6757K, committed 6784K, reserved 1048576K
GC Heap History (10 events):
Event: 21.811 GC heap before
{Heap before GC invocations=7 (full 1):
 PSYoungGen      total 71680K, used 71672K [0x00000000f5580000, 0x00000000fcc80000, 0x0000000100000000)
  eden space 66560K, 100% used [0x00000000f5580000,0x00000000f9680000,0x00000000f9680000)
  from space 5120K, 99% used [0x00000000f9680000,0x00000000f9b7e250,0x00000000f9b80000)
  to   space 11264K, 0% used [0x00000000fc180000,0x00000000fc180000,0x00000000fcc80000)
 ParOldGen       total 64512K, used 12546K [0x00000000e0000000, 0x00000000e3f00000, 0x00000000f5580000)
  object space 64512K, 19% used [0x00000000e0000000,0x00000000e0c40860,0x00000000e3f00000)
 Metaspace       used 29576K, capacity 29982K, committed 30336K, reserved 1075200K
  class space    used 4009K, capacity 4151K, committed 4224K, reserved 1048576K
Event: 21.844 GC heap after
Heap after GC invocations=7 (full 1):
 PSYoungGen      total 104448K, used 6733K [0x00000000f5580000, 0x00000000fc900000, 0x0000000100000000)
  eden space 96768K, 0% used [0x00000000f5580000,0x00000000f5580000,0x00000000fb400000)
  from space 7680K, 87% used [0x00000000fc180000,0x00000000fc8134b8,0x00000000fc900000)
  to   space 10752K, 0% used [0x00000000fb400000,0x00000000fb400000,0x00000000fbe80000)
 ParOldGen       total 64512K, used 12554K [0x00000000e0000000, 0x00000000e3f00000, 0x00000000f5580000)
  object space 64512K, 19% used [0x00000000e0000000,0x00000000e0c42860,0x00000000e3f00000)
 Metaspace       used 29576K, capacity 29982K, committed 30336K, reserved 1075200K
  class space    used 4009K, capacity 4151K, committed 4224K, reserved 1048576K
}
Event: 24.906 GC heap before
{Heap before GC invocations=8 (full 1):
 PSYoungGen      total 104448K, used 74920K [0x00000000f5580000, 0x00000000fc900000, 0x0000000100000000)
  eden space 96768K, 70% used [0x00000000f5580000,0x00000000f9816b78,0x00000000fb400000)
  from space 7680K, 87% used [0x00000000fc180000,0x00000000fc8134b8,0x00000000fc900000)
  to   space 10752K, 0% used [0x00000000fb400000,0x00000000fb400000,0x00000000fbe80000)
 ParOldGen       total 64512K, used 12554K [0x00000000e0000000, 0x00000000e3f00000, 0x00000000f5580000)
  object space 64512K, 19% used [0x00000000e0000000,0x00000000e0c42860,0x00000000e3f00000)
 Metaspace       used 34800K, capacity 35394K, committed 35496K, reserved 1079296K
  class space    used 4646K, capacity 4851K, committed 4864K, reserved 1048576K
Event: 24.970 GC heap after
Heap after GC invocations=8 (full 1):
 PSYoungGen      total 107520K, used 10742K [0x00000000f5580000, 0x00000000fc900000, 0x0000000100000000)
  eden space 96768K, 0% used [0x00000000f5580000,0x00000000f5580000,0x00000000fb400000)
  from space 10752K, 99% used [0x00000000fb400000,0x00000000fbe7da00,0x00000000fbe80000)
  to   space 7680K, 0% used [0x00000000fc180000,0x00000000fc180000,0x00000000fc900000)
 ParOldGen       total 64512K, used 13218K [0x00000000e0000000, 0x00000000e3f00000, 0x00000000f5580000)
  object space 64512K, 20% used [0x00000000e0000000,0x00000000e0ce8bf0,0x00000000e3f00000)
 Metaspace       used 34800K, capacity 35394K, committed 35496K, reserved 1079296K
  class space    used 4646K, capacity 4851K, committed 4864K, reserved 1048576K
}
Event: 24.971 GC heap before
{Heap before GC invocations=9 (full 2):
 PSYoungGen      total 107520K, used 10742K [0x00000000f5580000, 0x00000000fc900000, 0x0000000100000000)
  eden space 96768K, 0% used [0x00000000f5580000,0x00000000f5580000,0x00000000fb400000)
  from space 10752K, 99% used [0x00000000fb400000,0x00000000fbe7da00,0x00000000fbe80000)
  to   space 7680K, 0% used [0x00000000fc180000,0x00000000fc180000,0x00000000fc900000)
 ParOldGen       total 64512K, used 13218K [0x00000000e0000000, 0x00000000e3f00000, 0x00000000f5580000)
  object space 64512K, 20% used [0x00000000e0000000,0x00000000e0ce8bf0,0x00000000e3f00000)
 Metaspace       used 34800K, capacity 35394K, committed 35496K, reserved 1079296K
  class space    used 4646K, capacity 4851K, committed 4864K, reserved 1048576K
Event: 25.312 GC heap after
Heap after GC invocations=9 (full 2):
 PSYoungGen      total 107520K, used 0K [0x00000000f5580000, 0x00000000fc900000, 0x0000000100000000)
  eden space 96768K, 0% used [0x00000000f5580000,0x00000000f5580000,0x00000000fb400000)
  from space 10752K, 0% used [0x00000000fb400000,0x00000000fb400000,0x00000000fbe80000)
  to   space 7680K, 0% used [0x00000000fc180000,0x00000000fc180000,0x00000000fc900000)
 ParOldGen       total 64512K, used 17830K [0x00000000e0000000, 0x00000000e3f00000, 0x00000000f5580000)
  object space 64512K, 27% used [0x00000000e0000000,0x00000000e11699c8,0x00000000e3f00000)
 Metaspace       used 34800K, capacity 35394K, committed 35496K, reserved 1079296K
  class space    used 4646K, capacity 4851K, committed 4864K, reserved 1048576K
}
Event: 30.438 GC heap before
{Heap before GC invocations=10 (full 2):
 PSYoungGen      total 107520K, used 96768K [0x00000000f5580000, 0x00000000fc900000, 0x0000000100000000)
  eden space 96768K, 100% used [0x00000000f5580000,0x00000000fb400000,0x00000000fb400000)
  from space 10752K, 0% used [0x00000000fb400000,0x00000000fb400000,0x00000000fbe80000)
  to   space 7680K, 0% used [0x00000000fc180000,0x00000000fc180000,0x00000000fc900000)
 ParOldGen       total 64512K, used 17830K [0x00000000e0000000, 0x00000000e3f00000, 0x00000000f5580000)
  object space 64512K, 27% used [0x00000000e0000000,0x00000000e11699c8,0x00000000e3f00000)
 Metaspace       used 42305K, capacity 43086K, committed 43264K, reserved 1087488K
  class space    used 5653K, capacity 5858K, committed 5888K, reserved 1048576K
Event: 30.468 GC heap after
Heap after GC invocations=10 (full 2):
 PSYoungGen      total 104448K, used 7677K [0x00000000f5580000, 0x00000000fc900000, 0x0000000100000000)
  eden space 96768K, 0% used [0x00000000f5580000,0x00000000f5580000,0x00000000fb400000)
  from space 7680K, 99% used [0x00000000fc180000,0x00000000fc8ff7c8,0x00000000fc900000)
  to   space 10752K, 0% used [0x00000000fb400000,0x00000000fb400000,0x00000000fbe80000)
 ParOldGen       total 64512K, used 19922K [0x00000000e0000000, 0x00000000e3f00000, 0x00000000f5580000)
  object space 64512K, 30% used [0x00000000e0000000,0x00000000e1374998,0x00000000e3f00000)
 Metaspace       used 42305K, capacity 43086K, committed 43264K, reserved 1087488K
  class space    used 5653K, capacity 5858K, committed 5888K, reserved 1048576K
}
Event: 34.801 GC heap before
{Heap before GC invocations=11 (full 2):
 PSYoungGen      total 104448K, used 104445K [0x00000000f5580000, 0x00000000fc900000, 0x0000000100000000)
  eden space 96768K, 100% used [0x00000000f5580000,0x00000000fb400000,0x00000000fb400000)
  from space 7680K, 99% used [0x00000000fc180000,0x00000000fc8ff7c8,0x00000000fc900000)
  to   space 10752K, 0% used [0x00000000fb400000,0x00000000fb400000,0x00000000fbe80000)
 ParOldGen       total 64512K, used 19922K [0x00000000e0000000, 0x00000000e3f00000, 0x00000000f5580000)
  object space 64512K, 30% used [0x00000000e0000000,0x00000000e1374998,0x00000000e3f00000)
 Metaspace       used 46753K, capacity 48184K, committed 48384K, reserved 1091584K
  class space    used 6315K, capacity 6645K, committed 6656K, reserved 1048576K
Event: 34.833 GC heap after
Heap after GC invocations=11 (full 2):
 PSYoungGen      total 107520K, used 10723K [0x00000000f5580000, 0x00000000fc900000, 0x0000000100000000)
  eden space 96768K, 0% used [0x00000000f5580000,0x00000000f5580000,0x00000000fb400000)
  from space 10752K, 99% used [0x00000000fb400000,0x00000000fbe78c98,0x00000000fbe80000)
  to   space 7680K, 0% used [0x00000000fc180000,0x00000000fc180000,0x00000000fc900000)
 ParOldGen       total 64512K, used 24543K [0x00000000e0000000, 0x00000000e3f00000, 0x00000000f5580000)
  object space 64512K, 38% used [0x00000000e0000000,0x00000000e17f7c10,0x00000000e3f00000)
 Metaspace       used 46753K, capacity 48184K, committed 48384K, reserved 1091584K
  class space    used 6315K, capacity 6645K, committed 6656K, reserved 1048576K
}

