# JRE version: OpenJDK Runtime Environment (8.0_112-b06) (build 1.8.0_112-release-b06)
# Java VM: OpenJDK 64-Bit Server VM (25.112-b06 mixed mode windows-amd64 compressed oops)
Heap:
 PSYoungGen      total 147456K, used 78174K [0x00000000f5580000, 0x00000000fff80000, 0x0000000100000000)
  eden space 121856K, 51% used [0x00000000f5580000,0x00000000f932c350,0x00000000fcc80000)
  from space 25600K, 58% used [0x00000000fe680000,0x00000000ff52b780,0x00000000fff80000)
  to   space 26112K, 0% used [0x00000000fcc80000,0x00000000fcc80000,0x00000000fe600000)
 ParOldGen       total 154112K, used 48824K [0x00000000e0000000, 0x00000000e9680000, 0x00000000f5580000)
  object space 154112K, 31% used [0x00000000e0000000,0x00000000e2fae238,0x00000000e9680000)
 Metaspace       used 62999K, capacity 64924K, committed 65280K, reserved 1105920K
  class space    used 8174K, capacity 8577K, committed 8704K, reserved 1048576K
GC Heap History (10 events):
Event: 68.573 GC heap before
{Heap before GC invocations=15 (full 2):
 PSYoungGen      total 117760K, used 117744K [0x00000000f5580000, 0x00000000fe380000, 0x0000000100000000)
  eden space 104448K, 100% used [0x00000000f5580000,0x00000000fbb80000,0x00000000fbb80000)
  from space 13312K, 99% used [0x00000000fcc00000,0x00000000fd8fc008,0x00000000fd900000)
  to   space 16896K, 0% used [0x00000000fbb80000,0x00000000fbb80000,0x00000000fcc00000)
 ParOldGen       total 96768K, used 20919K [0x00000000e0000000, 0x00000000e5e80000, 0x00000000f5580000)
  object space 96768K, 21% used [0x00000000e0000000,0x00000000e146dd58,0x00000000e5e80000)
 Metaspace       used 56385K, capacity 57892K, committed 58112K, reserved 1099776K
  class space    used 7527K, capacity 7853K, committed 7936K, reserved 1048576K
Event: 68.651 GC heap after
Heap after GC invocations=15 (full 2):
 PSYoungGen      total 121344K, used 16873K [0x00000000f5580000, 0x00000000ffb00000, 0x0000000100000000)
  eden space 104448K, 0% used [0x00000000f5580000,0x00000000f5580000,0x00000000fbb80000)
  from space 16896K, 99% used [0x00000000fbb80000,0x00000000fcbfa430,0x00000000fcc00000)
  to   space 20992K, 0% used [0x00000000fe680000,0x00000000fe680000,0x00000000ffb00000)
 ParOldGen       total 96768K, used 25844K [0x00000000e0000000, 0x00000000e5e80000, 0x00000000f5580000)
  object space 96768K, 26% used [0x00000000e0000000,0x00000000e193d050,0x00000000e5e80000)
 Metaspace       used 56385K, capacity 57892K, committed 58112K, reserved 1099776K
  class space    used 7527K, capacity 7853K, committed 7936K, reserved 1048576K
}
Event: 70.720 GC heap before
{Heap before GC invocations=16 (full 2):
 PSYoungGen      total 121344K, used 56857K [0x00000000f5580000, 0x00000000ffb00000, 0x0000000100000000)
  eden space 104448K, 38% used [0x00000000f5580000,0x00000000f7c8c148,0x00000000fbb80000)
  from space 16896K, 99% used [0x00000000fbb80000,0x00000000fcbfa430,0x00000000fcc00000)
  to   space 20992K, 0% used [0x00000000fe680000,0x00000000fe680000,0x00000000ffb00000)
 ParOldGen       total 96768K, used 25844K [0x00000000e0000000, 0x00000000e5e80000, 0x00000000f5580000)
  object space 96768K, 26% used [0x00000000e0000000,0x00000000e193d050,0x00000000e5e80000)
 Metaspace       used 57423K, capacity 58980K, committed 59136K, reserved 1099776K
  class space    used 7595K, capacity 7917K, committed 7936K, reserved 1048576K
Event: 70.898 GC heap after
Heap after GC invocations=16 (full 2):
 PSYoungGen      total 142336K, used 20980K [0x00000000f5580000, 0x0000000100000000, 0x0000000100000000)
  eden space 121344K, 0% used [0x00000000f5580000,0x00000000f5580000,0x00000000fcc00000)
  from space 20992K, 99% used [0x00000000fe680000,0x00000000ffafd040,0x00000000ffb00000)
  to   space 26624K, 0% used [0x00000000fcc00000,0x00000000fcc00000,0x00000000fe600000)
 ParOldGen       total 96768K, used 32843K [0x00000000e0000000, 0x00000000e5e80000, 0x00000000f5580000)
  object space 96768K, 33% used [0x00000000e0000000,0x00000000e2012d38,0x00000000e5e80000)
 Metaspace       used 57423K, capacity 58980K, committed 59136K, reserved 1099776K
  class space    used 7595K, capacity 7917K, committed 7936K, reserved 1048576K
}
Event: 70.898 GC heap before
{Heap before GC invocations=17 (full 3):
 PSYoungGen      total 142336K, used 20980K [0x00000000f5580000, 0x0000000100000000, 0x0000000100000000)
  eden space 121344K, 0% used [0x00000000f5580000,0x00000000f5580000,0x00000000fcc00000)
  from space 20992K, 99% used [0x00000000fe680000,0x00000000ffafd040,0x00000000ffb00000)
  to   space 26624K, 0% used [0x00000000fcc00000,0x00000000fcc00000,0x00000000fe600000)
 ParOldGen       total 96768K, used 32843K [0x00000000e0000000, 0x00000000e5e80000, 0x00000000f5580000)
  object space 96768K, 33% used [0x00000000e0000000,0x00000000e2012d38,0x00000000e5e80000)
 Metaspace       used 57423K, capacity 58980K, committed 59136K, reserved 1099776K
  class space    used 7595K, capacity 7917K, committed 7936K, reserved 1048576K
Event: 71.837 GC heap after
Heap after GC invocations=17 (full 3):
 PSYoungGen      total 142336K, used 0K [0x00000000f5580000, 0x0000000100000000, 0x0000000100000000)
  eden space 121344K, 0% used [0x00000000f5580000,0x00000000f5580000,0x00000000fcc00000)
  from space 20992K, 0% used [0x00000000fe680000,0x00000000fe680000,0x00000000ffb00000)
  to   space 26624K, 0% used [0x00000000fcc00000,0x00000000fcc00000,0x00000000fe600000)
 ParOldGen       total 154112K, used 48808K [0x00000000e0000000, 0x00000000e9680000, 0x00000000f5580000)
  object space 154112K, 31% used [0x00000000e0000000,0x00000000e2faa238,0x00000000e9680000)
 Metaspace       used 57421K, capacity 58974K, committed 59136K, reserved 1099776K
  class space    used 7595K, capacity 7916K, committed 7936K, reserved 1048576K
}
Event: 92.361 GC heap before
{Heap before GC invocations=18 (full 3):
 PSYoungGen      total 142336K, used 121344K [0x00000000f5580000, 0x0000000100000000, 0x0000000100000000)
  eden space 121344K, 100% used [0x00000000f5580000,0x00000000fcc00000,0x00000000fcc00000)
  from space 20992K, 0% used [0x00000000fe680000,0x00000000fe680000,0x00000000ffb00000)
  to   space 26624K, 0% used [0x00000000fcc00000,0x00000000fcc00000,0x00000000fe600000)
 ParOldGen       total 154112K, used 48808K [0x00000000e0000000, 0x00000000e9680000, 0x00000000f5580000)
  object space 154112K, 31% used [0x00000000e0000000,0x00000000e2faa238,0x00000000e9680000)
 Metaspace       used 60010K, capacity 61898K, committed 62080K, reserved 1103872K
  class space    used 7870K, capacity 8270K, committed 8320K, reserved 1048576K
Event: 92.400 GC heap after
Heap after GC invocations=18 (full 3):
 PSYoungGen      total 147968K, used 14782K [0x00000000f5580000, 0x0000000100000000, 0x0000000100000000)
  eden space 121344K, 0% used [0x00000000f5580000,0x00000000f5580000,0x00000000fcc00000)
  from space 26624K, 55% used [0x00000000fcc00000,0x00000000fda6fbd0,0x00000000fe600000)
  to   space 26112K, 0% used [0x00000000fe680000,0x00000000fe680000,0x0000000100000000)
 ParOldGen       total 154112K, used 48816K [0x00000000e0000000, 0x00000000e9680000, 0x00000000f5580000)
  object space 154112K, 31% used [0x00000000e0000000,0x00000000e2fac238,0x00000000e9680000)
 Metaspace       used 60010K, capacity 61898K, committed 62080K, reserved 1103872K
  class space    used 7870K, capacity 8270K, committed 8320K, reserved 1048576K
}
Event: 5569.140 GC heap before
{Heap before GC invocations=19 (full 3):
 PSYoungGen      total 147968K, used 136126K [0x00000000f5580000, 0x0000000100000000, 0x0000000100000000)
  eden space 121344K, 100% used [0x00000000f5580000,0x00000000fcc00000,0x00000000fcc00000)
  from space 26624K, 55% used [0x00000000fcc00000,0x00000000fda6fbd0,0x00000000fe600000)
  to   space 26112K, 0% used [0x00000000fe680000,0x00000000fe680000,0x0000000100000000)
 ParOldGen       total 154112K, used 48816K [0x00000000e0000000, 0x00000000e9680000, 0x00000000f5580000)
  object space 154112K, 31% used [0x00000000e0000000,0x00000000e2fac238,0x00000000e9680000)
 Metaspace       used 62862K, capacity 64760K, committed 64896K, reserved 1105920K
  class space    used 8165K, capacity 8567K, committed 8576K, reserved 1048576K
Event: 5569.232 GC heap after
Heap after GC invocations=19 (full 3):
 PSYoungGen      total 147456K, used 15021K [0x00000000f5580000, 0x00000000fff80000, 0x0000000100000000)
  eden space 121856K, 0% used [0x00000000f5580000,0x00000000f5580000,0x00000000fcc80000)
  from space 25600K, 58% used [0x00000000fe680000,0x00000000ff52b780,0x00000000fff80000)
  to   space 26112K, 0% used [0x00000000fcc80000,0x00000000fcc80000,0x00000000fe600000)
 ParOldGen       total 154112K, used 48824K [0x00000000e0000000, 0x00000000e9680000, 0x00000000f5580000)
  object space 154112K, 31% used [0x00000000e0000000,0x00000000e2fae238,0x00000000e9680000)
 Metaspace       used 62862K, capacity 64760K, committed 64896K, reserved 1105920K
  class space    used 8165K, capacity 8567K, committed 8576K, reserved 1048576K
}

