# JRE version: OpenJDK Runtime Environment (8.0_112-b06) (build 1.8.0_112-release-b06)
# Java VM: OpenJDK 64-Bit Server VM (25.112-b06 mixed mode windows-amd64 compressed oops)
Heap:
 PSYoungGen      total 555008K, used 86724K [0x000000076ab00000, 0x0000000792f00000, 0x00000007c0000000)
  eden space 504320K, 9% used [0x000000076ab00000,0x000000076db77b10,0x0000000789780000)
  from space 50688K, 73% used [0x000000078da80000,0x000000078feb9650,0x0000000790c00000)
  to   space 68608K, 0% used [0x0000000789780000,0x0000000789780000,0x000000078da80000)
 ParOldGen       total 87552K, used 87141K [0x00000006c0000000, 0x00000006c5580000, 0x000000076ab00000)
  object space 87552K, 99% used [0x00000006c0000000,0x00000006c55196e0,0x00000006c5580000)
 Metaspace       used 6415K, capacity 7280K, committed 7552K, reserved 1056768K
  class space    used 588K, capacity 616K, committed 640K, reserved 1048576K
GC Heap History (10 events):
Event: 5.365 GC heap before
{Heap before GC invocations=5 (full 0):
 PSYoungGen      total 138240K, used 138217K [0x000000076ab00000, 0x0000000773700000, 0x00000007c0000000)
  eden space 133120K, 100% used [0x000000076ab00000,0x0000000772d00000,0x0000000772d00000)
  from space 5120K, 99% used [0x0000000773200000,0x00000007736fa728,0x0000000773700000)
  to   space 5120K, 0% used [0x0000000772d00000,0x0000000772d00000,0x0000000773200000)
 ParOldGen       total 87552K, used 19939K [0x00000006c0000000, 0x00000006c5580000, 0x000000076ab00000)
  object space 87552K, 22% used [0x00000006c0000000,0x00000006c1378ed0,0x00000006c5580000)
 Metaspace       used 6357K, capacity 7216K, committed 7296K, reserved 1056768K
  class space    used 587K, capacity 616K, committed 640K, reserved 1048576K
Event: 5.432 GC heap after
Heap after GC invocations=5 (full 0):
 PSYoungGen      total 138240K, used 5102K [0x000000076ab00000, 0x000000077e700000, 0x00000007c0000000)
  eden space 133120K, 0% used [0x000000076ab00000,0x000000076ab00000,0x0000000772d00000)
  from space 5120K, 99% used [0x0000000772d00000,0x00000007731fbb90,0x0000000773200000)
  to   space 28672K, 0% used [0x000000077cb00000,0x000000077cb00000,0x000000077e700000)
 ParOldGen       total 87552K, used 39248K [0x00000006c0000000, 0x00000006c5580000, 0x000000076ab00000)
  object space 87552K, 44% used [0x00000006c0000000,0x00000006c26541c0,0x00000006c5580000)
 Metaspace       used 6357K, capacity 7216K, committed 7296K, reserved 1056768K
  class space    used 587K, capacity 616K, committed 640K, reserved 1048576K
}
Event: 6.097 GC heap before
{Heap before GC invocations=6 (full 0):
 PSYoungGen      total 138240K, used 138222K [0x000000076ab00000, 0x000000077e700000, 0x00000007c0000000)
  eden space 133120K, 100% used [0x000000076ab00000,0x0000000772d00000,0x0000000772d00000)
  from space 5120K, 99% used [0x0000000772d00000,0x00000007731fbb90,0x0000000773200000)
  to   space 28672K, 0% used [0x000000077cb00000,0x000000077cb00000,0x000000077e700000)
 ParOldGen       total 87552K, used 39248K [0x00000006c0000000, 0x00000006c5580000, 0x000000076ab00000)
  object space 87552K, 44% used [0x00000006c0000000,0x00000006c26541c0,0x00000006c5580000)
 Metaspace       used 6393K, capacity 7280K, committed 7552K, reserved 1056768K
  class space    used 587K, capacity 616K, committed 640K, reserved 1048576K
Event: 6.149 GC heap after
Heap after GC invocations=6 (full 0):
 PSYoungGen      total 289792K, used 25415K [0x000000076ab00000, 0x000000077f100000, 0x00000007c0000000)
  eden space 261120K, 0% used [0x000000076ab00000,0x000000076ab00000,0x000000077aa00000)
  from space 28672K, 88% used [0x000000077cb00000,0x000000077e3d1ec0,0x000000077e700000)
  to   space 33792K, 0% used [0x000000077aa00000,0x000000077aa00000,0x000000077cb00000)
 ParOldGen       total 87552K, used 39248K [0x00000006c0000000, 0x00000006c5580000, 0x000000076ab00000)
  object space 87552K, 44% used [0x00000006c0000000,0x00000006c26541c0,0x00000006c5580000)
 Metaspace       used 6393K, capacity 7280K, committed 7552K, reserved 1056768K
  class space    used 587K, capacity 616K, committed 640K, reserved 1048576K
}
Event: 7.033 GC heap before
{Heap before GC invocations=7 (full 0):
 PSYoungGen      total 289792K, used 286535K [0x000000076ab00000, 0x000000077f100000, 0x00000007c0000000)
  eden space 261120K, 100% used [0x000000076ab00000,0x000000077aa00000,0x000000077aa00000)
  from space 28672K, 88% used [0x000000077cb00000,0x000000077e3d1ec0,0x000000077e700000)
  to   space 33792K, 0% used [0x000000077aa00000,0x000000077aa00000,0x000000077cb00000)
 ParOldGen       total 87552K, used 39248K [0x00000006c0000000, 0x00000006c5580000, 0x000000076ab00000)
  object space 87552K, 44% used [0x00000006c0000000,0x00000006c26541c0,0x00000006c5580000)
 Metaspace       used 6406K, capacity 7280K, committed 7552K, reserved 1056768K
  class space    used 588K, capacity 616K, committed 640K, reserved 1048576K
Event: 7.121 GC heap after
Heap after GC invocations=7 (full 0):
 PSYoungGen      total 294912K, used 33789K [0x000000076ab00000, 0x0000000790c00000, 0x00000007c0000000)
  eden space 261120K, 0% used [0x000000076ab00000,0x000000076ab00000,0x000000077aa00000)
  from space 33792K, 99% used [0x000000077aa00000,0x000000077caff408,0x000000077cb00000)
  to   space 50688K, 0% used [0x000000078da80000,0x000000078da80000,0x0000000790c00000)
 ParOldGen       total 87552K, used 59557K [0x00000006c0000000, 0x00000006c5580000, 0x000000076ab00000)
  object space 87552K, 68% used [0x00000006c0000000,0x00000006c3a29730,0x00000006c5580000)
 Metaspace       used 6406K, capacity 7280K, committed 7552K, reserved 1056768K
  class space    used 588K, capacity 616K, committed 640K, reserved 1048576K
}
Event: 8.006 GC heap before
{Heap before GC invocations=8 (full 0):
 PSYoungGen      total 294912K, used 294909K [0x000000076ab00000, 0x0000000790c00000, 0x00000007c0000000)
  eden space 261120K, 100% used [0x000000076ab00000,0x000000077aa00000,0x000000077aa00000)
  from space 33792K, 99% used [0x000000077aa00000,0x000000077caff408,0x000000077cb00000)
  to   space 50688K, 0% used [0x000000078da80000,0x000000078da80000,0x0000000790c00000)
 ParOldGen       total 87552K, used 59557K [0x00000006c0000000, 0x00000006c5580000, 0x000000076ab00000)
  object space 87552K, 68% used [0x00000006c0000000,0x00000006c3a29730,0x00000006c5580000)
 Metaspace       used 6415K, capacity 7280K, committed 7552K, reserved 1056768K
  class space    used 588K, capacity 616K, committed 640K, reserved 1048576K
Event: 8.116 GC heap after
Heap after GC invocations=8 (full 0):
 PSYoungGen      total 555008K, used 50687K [0x000000076ab00000, 0x0000000792f00000, 0x00000007c0000000)
  eden space 504320K, 0% used [0x000000076ab00000,0x000000076ab00000,0x0000000789780000)
  from space 50688K, 99% used [0x000000078da80000,0x0000000790bffe80,0x0000000790c00000)
  to   space 68608K, 0% used [0x0000000789780000,0x0000000789780000,0x000000078da80000)
 ParOldGen       total 87552K, used 78496K [0x00000006c0000000, 0x00000006c5580000, 0x000000076ab00000)
  object space 87552K, 89% used [0x00000006c0000000,0x00000006c4ca82c8,0x00000006c5580000)
 Metaspace       used 6415K, capacity 7280K, committed 7552K, reserved 1056768K
  class space    used 588K, capacity 616K, committed 640K, reserved 1048576K
}
Event: 8.116 GC heap before
{Heap before GC invocations=9 (full 1):
 PSYoungGen      total 555008K, used 50687K [0x000000076ab00000, 0x0000000792f00000, 0x00000007c0000000)
  eden space 504320K, 0% used [0x000000076ab00000,0x000000076ab00000,0x0000000789780000)
  from space 50688K, 99% used [0x000000078da80000,0x0000000790bffe80,0x0000000790c00000)
  to   space 68608K, 0% used [0x0000000789780000,0x0000000789780000,0x000000078da80000)
 ParOldGen       total 87552K, used 78496K [0x00000006c0000000, 0x00000006c5580000, 0x000000076ab00000)
  object space 87552K, 89% used [0x00000006c0000000,0x00000006c4ca82c8,0x00000006c5580000)
 Metaspace       used 6415K, capacity 7280K, committed 7552K, reserved 1056768K
  class space    used 588K, capacity 616K, committed 640K, reserved 1048576K
Event: 9.014 GC heap after
Heap after GC invocations=9 (full 1):
 PSYoungGen      total 555008K, used 37093K [0x000000076ab00000, 0x0000000792f00000, 0x00000007c0000000)
  eden space 504320K, 0% used [0x000000076ab00000,0x000000076ab00000,0x0000000789780000)
  from space 50688K, 73% used [0x000000078da80000,0x000000078feb9650,0x0000000790c00000)
  to   space 68608K, 0% used [0x0000000789780000,0x0000000789780000,0x000000078da80000)
 ParOldGen       total 87552K, used 87141K [0x00000006c0000000, 0x00000006c5580000, 0x000000076ab00000)
  object space 87552K, 99% used [0x00000006c0000000,0x00000006c55196e0,0x00000006c5580000)
 Metaspace       used 6415K, capacity 7280K, committed 7552K, reserved 1056768K
  class space    used 588K, capacity 616K, committed 640K, reserved 1048576K
}

