# JRE version: OpenJDK Runtime Environment (8.0_112-b06) (build 1.8.0_112-release-b06)
# Java VM: OpenJDK 64-Bit Server VM (25.112-b06 mixed mode windows-amd64 compressed oops)
Heap:
 PSYoungGen      total 312320K, used 270661K [0x000000076ab00000, 0x0000000790d00000, 0x00000007c0000000)
  eden space 261632K, 89% used [0x000000076ab00000,0x00000007790a8740,0x000000077aa80000)
  from space 50688K, 70% used [0x000000078db80000,0x000000078fe28e80,0x0000000790d00000)
  to   space 33280K, 0% used [0x000000077aa80000,0x000000077aa80000,0x000000077cb00000)
 ParOldGen       total 87552K, used 87317K [0x00000006c0000000, 0x00000006c5580000, 0x000000076ab00000)
  object space 87552K, 99% used [0x00000006c0000000,0x00000006c5545600,0x00000006c5580000)
 Metaspace       used 6433K, capacity 7280K, committed 7552K, reserved 1056768K
  class space    used 589K, capacity 616K, committed 640K, reserved 1048576K
GC Heap History (10 events):
Event: 5.838 GC heap before
{Heap before GC invocations=5 (full 0):
 PSYoungGen      total 138240K, used 138231K [0x000000076ab00000, 0x0000000773700000, 0x00000007c0000000)
  eden space 133120K, 100% used [0x000000076ab00000,0x0000000772d00000,0x0000000772d00000)
  from space 5120K, 99% used [0x0000000773200000,0x00000007736fdf58,0x0000000773700000)
  to   space 5120K, 0% used [0x0000000772d00000,0x0000000772d00000,0x0000000773200000)
 ParOldGen       total 87552K, used 20097K [0x00000006c0000000, 0x00000006c5580000, 0x000000076ab00000)
  object space 87552K, 22% used [0x00000006c0000000,0x00000006c13a04a0,0x00000006c5580000)
 Metaspace       used 6339K, capacity 7216K, committed 7296K, reserved 1056768K
  class space    used 588K, capacity 616K, committed 640K, reserved 1048576K
Event: 5.899 GC heap after
Heap after GC invocations=5 (full 0):
 PSYoungGen      total 138240K, used 5101K [0x000000076ab00000, 0x000000077e700000, 0x00000007c0000000)
  eden space 133120K, 0% used [0x000000076ab00000,0x000000076ab00000,0x0000000772d00000)
  from space 5120K, 99% used [0x0000000772d00000,0x00000007731fb620,0x0000000773200000)
  to   space 28672K, 0% used [0x000000077cb00000,0x000000077cb00000,0x000000077e700000)
 ParOldGen       total 87552K, used 38845K [0x00000006c0000000, 0x00000006c5580000, 0x000000076ab00000)
  object space 87552K, 44% used [0x00000006c0000000,0x00000006c25ef4b0,0x00000006c5580000)
 Metaspace       used 6339K, capacity 7216K, committed 7296K, reserved 1056768K
  class space    used 588K, capacity 616K, committed 640K, reserved 1048576K
}
Event: 6.552 GC heap before
{Heap before GC invocations=6 (full 0):
 PSYoungGen      total 138240K, used 138221K [0x000000076ab00000, 0x000000077e700000, 0x00000007c0000000)
  eden space 133120K, 100% used [0x000000076ab00000,0x0000000772d00000,0x0000000772d00000)
  from space 5120K, 99% used [0x0000000772d00000,0x00000007731fb620,0x0000000773200000)
  to   space 28672K, 0% used [0x000000077cb00000,0x000000077cb00000,0x000000077e700000)
 ParOldGen       total 87552K, used 38845K [0x00000006c0000000, 0x00000006c5580000, 0x000000076ab00000)
  object space 87552K, 44% used [0x00000006c0000000,0x00000006c25ef4b0,0x00000006c5580000)
 Metaspace       used 6382K, capacity 7216K, committed 7296K, reserved 1056768K
  class space    used 588K, capacity 616K, committed 640K, reserved 1048576K
Event: 6.617 GC heap after
Heap after GC invocations=6 (full 0):
 PSYoungGen      total 290304K, used 25193K [0x000000076ab00000, 0x000000077f000000, 0x00000007c0000000)
  eden space 261632K, 0% used [0x000000076ab00000,0x000000076ab00000,0x000000077aa80000)
  from space 28672K, 87% used [0x000000077cb00000,0x000000077e39a580,0x000000077e700000)
  to   space 33280K, 0% used [0x000000077aa80000,0x000000077aa80000,0x000000077cb00000)
 ParOldGen       total 87552K, used 38845K [0x00000006c0000000, 0x00000006c5580000, 0x000000076ab00000)
  object space 87552K, 44% used [0x00000006c0000000,0x00000006c25ef4b0,0x00000006c5580000)
 Metaspace       used 6382K, capacity 7216K, committed 7296K, reserved 1056768K
  class space    used 588K, capacity 616K, committed 640K, reserved 1048576K
}
Event: 7.570 GC heap before
{Heap before GC invocations=7 (full 0):
 PSYoungGen      total 290304K, used 286825K [0x000000076ab00000, 0x000000077f000000, 0x00000007c0000000)
  eden space 261632K, 100% used [0x000000076ab00000,0x000000077aa80000,0x000000077aa80000)
  from space 28672K, 87% used [0x000000077cb00000,0x000000077e39a580,0x000000077e700000)
  to   space 33280K, 0% used [0x000000077aa80000,0x000000077aa80000,0x000000077cb00000)
 ParOldGen       total 87552K, used 38845K [0x00000006c0000000, 0x00000006c5580000, 0x000000076ab00000)
  object space 87552K, 44% used [0x00000006c0000000,0x00000006c25ef4b0,0x00000006c5580000)
 Metaspace       used 6395K, capacity 7280K, committed 7552K, reserved 1056768K
  class space    used 589K, capacity 616K, committed 640K, reserved 1048576K
Event: 7.674 GC heap after
Heap after GC invocations=7 (full 0):
 PSYoungGen      total 294912K, used 33266K [0x000000076ab00000, 0x0000000790d00000, 0x00000007c0000000)
  eden space 261632K, 0% used [0x000000076ab00000,0x000000076ab00000,0x000000077aa80000)
  from space 33280K, 99% used [0x000000077aa80000,0x000000077cafca90,0x000000077cb00000)
  to   space 50688K, 0% used [0x000000078db80000,0x000000078db80000,0x0000000790d00000)
 ParOldGen       total 87552K, used 59712K [0x00000006c0000000, 0x00000006c5580000, 0x000000076ab00000)
  object space 87552K, 68% used [0x00000006c0000000,0x00000006c3a50240,0x00000006c5580000)
 Metaspace       used 6395K, capacity 7280K, committed 7552K, reserved 1056768K
  class space    used 589K, capacity 616K, committed 640K, reserved 1048576K
}
Event: 8.762 GC heap before
{Heap before GC invocations=8 (full 0):
 PSYoungGen      total 294912K, used 294898K [0x000000076ab00000, 0x0000000790d00000, 0x00000007c0000000)
  eden space 261632K, 100% used [0x000000076ab00000,0x000000077aa80000,0x000000077aa80000)
  from space 33280K, 99% used [0x000000077aa80000,0x000000077cafca90,0x000000077cb00000)
  to   space 50688K, 0% used [0x000000078db80000,0x000000078db80000,0x0000000790d00000)
 ParOldGen       total 87552K, used 59712K [0x00000006c0000000, 0x00000006c5580000, 0x000000076ab00000)
  object space 87552K, 68% used [0x00000006c0000000,0x00000006c3a50240,0x00000006c5580000)
 Metaspace       used 6405K, capacity 7280K, committed 7552K, reserved 1056768K
  class space    used 589K, capacity 616K, committed 640K, reserved 1048576K
Event: 8.878 GC heap after
Heap after GC invocations=8 (full 0):
 PSYoungGen      total 312320K, used 50678K [0x000000076ab00000, 0x0000000790d00000, 0x00000007c0000000)
  eden space 261632K, 0% used [0x000000076ab00000,0x000000076ab00000,0x000000077aa80000)
  from space 50688K, 99% used [0x000000078db80000,0x0000000790cfdb88,0x0000000790d00000)
  to   space 33280K, 0% used [0x000000077aa80000,0x000000077aa80000,0x000000077cb00000)
 ParOldGen       total 87552K, used 76891K [0x00000006c0000000, 0x00000006c5580000, 0x000000076ab00000)
  object space 87552K, 87% used [0x00000006c0000000,0x00000006c4b16c38,0x00000006c5580000)
 Metaspace       used 6405K, capacity 7280K, committed 7552K, reserved 1056768K
  class space    used 589K, capacity 616K, committed 640K, reserved 1048576K
}
Event: 8.878 GC heap before
{Heap before GC invocations=9 (full 1):
 PSYoungGen      total 312320K, used 50678K [0x000000076ab00000, 0x0000000790d00000, 0x00000007c0000000)
  eden space 261632K, 0% used [0x000000076ab00000,0x000000076ab00000,0x000000077aa80000)
  from space 50688K, 99% used [0x000000078db80000,0x0000000790cfdb88,0x0000000790d00000)
  to   space 33280K, 0% used [0x000000077aa80000,0x000000077aa80000,0x000000077cb00000)
 ParOldGen       total 87552K, used 76891K [0x00000006c0000000, 0x00000006c5580000, 0x000000076ab00000)
  object space 87552K, 87% used [0x00000006c0000000,0x00000006c4b16c38,0x00000006c5580000)
 Metaspace       used 6405K, capacity 7280K, committed 7552K, reserved 1056768K
  class space    used 589K, capacity 616K, committed 640K, reserved 1048576K
Event: 9.757 GC heap after
Heap after GC invocations=9 (full 1):
 PSYoungGen      total 312320K, used 35491K [0x000000076ab00000, 0x0000000790d00000, 0x00000007c0000000)
  eden space 261632K, 0% used [0x000000076ab00000,0x000000076ab00000,0x000000077aa80000)
  from space 50688K, 70% used [0x000000078db80000,0x000000078fe28e80,0x0000000790d00000)
  to   space 33280K, 0% used [0x000000077aa80000,0x000000077aa80000,0x000000077cb00000)
 ParOldGen       total 87552K, used 87317K [0x00000006c0000000, 0x00000006c5580000, 0x000000076ab00000)
  object space 87552K, 99% used [0x00000006c0000000,0x00000006c5545600,0x00000006c5580000)
 Metaspace       used 6405K, capacity 7280K, committed 7552K, reserved 1056768K
  class space    used 589K, capacity 616K, committed 640K, reserved 1048576K
}

