# JRE version: OpenJDK Runtime Environment (8.0_112-b06) (build 1.8.0_112-release-b06)
# Java VM: OpenJDK 64-Bit Server VM (25.112-b06 mixed mode windows-amd64 compressed oops)
Heap:
 PSYoungGen      total 275456K, used 58987K [0x00000000eab00000, 0x0000000100000000, 0x0000000100000000)
  eden space 201728K, 29% used [0x00000000eab00000,0x00000000ee49ae98,0x00000000f7000000)
  from space 73728K, 0% used [0x00000000f7000000,0x00000000f7000000,0x00000000fb800000)
  to   space 70656K, 0% used [0x00000000fbb00000,0x00000000fbb00000,0x0000000100000000)
 ParOldGen       total 301056K, used 163765K [0x00000000c0000000, 0x00000000d2600000, 0x00000000eab00000)
  object space 301056K, 54% used [0x00000000c0000000,0x00000000c9fed430,0x00000000d2600000)
 Metaspace       used 6459K, capacity 7280K, committed 7552K, reserved 1056768K
  class space    used 593K, capacity 616K, committed 640K, reserved 1048576K
GC Heap History (10 events):
Event: 5.439 GC heap before
{Heap before GC invocations=9 (full 0):
 PSYoungGen      total 285696K, used 285688K [0x00000000eab00000, 0x00000000ff700000, 0x0000000100000000)
  eden space 254464K, 100% used [0x00000000eab00000,0x00000000fa380000,0x00000000fa380000)
  from space 31232K, 99% used [0x00000000fc980000,0x00000000fe7fe0d0,0x00000000fe800000)
  to   space 38912K, 0% used [0x00000000fa380000,0x00000000fa380000,0x00000000fc980000)
 ParOldGen       total 87552K, used 39615K [0x00000000c0000000, 0x00000000c5580000, 0x00000000eab00000)
  object space 87552K, 45% used [0x00000000c0000000,0x00000000c26afd08,0x00000000c5580000)
 Metaspace       used 6434K, capacity 7280K, committed 7552K, reserved 1056768K
  class space    used 593K, capacity 616K, committed 640K, reserved 1048576K
Event: 5.599 GC heap after
Heap after GC invocations=9 (full 0):
 PSYoungGen      total 293376K, used 38882K [0x00000000eab00000, 0x0000000100000000, 0x0000000100000000)
  eden space 254464K, 0% used [0x00000000eab00000,0x00000000eab00000,0x00000000fa380000)
  from space 38912K, 99% used [0x00000000fa380000,0x00000000fc978980,0x00000000fc980000)
  to   space 55808K, 0% used [0x00000000fc980000,0x00000000fc980000,0x0000000100000000)
 ParOldGen       total 87552K, used 65814K [0x00000000c0000000, 0x00000000c5580000, 0x00000000eab00000)
  object space 87552K, 75% used [0x00000000c0000000,0x00000000c40459d0,0x00000000c5580000)
 Metaspace       used 6434K, capacity 7280K, committed 7552K, reserved 1056768K
  class space    used 593K, capacity 616K, committed 640K, reserved 1048576K
}
Event: 6.602 GC heap before
{Heap before GC invocations=10 (full 0):
 PSYoungGen      total 293376K, used 293346K [0x00000000eab00000, 0x0000000100000000, 0x0000000100000000)
  eden space 254464K, 100% used [0x00000000eab00000,0x00000000fa380000,0x00000000fa380000)
  from space 38912K, 99% used [0x00000000fa380000,0x00000000fc978980,0x00000000fc980000)
  to   space 55808K, 0% used [0x00000000fc980000,0x00000000fc980000,0x0000000100000000)
 ParOldGen       total 87552K, used 65814K [0x00000000c0000000, 0x00000000c5580000, 0x00000000eab00000)
  object space 87552K, 75% used [0x00000000c0000000,0x00000000c40459d0,0x00000000c5580000)
 Metaspace       used 6447K, capacity 7280K, committed 7552K, reserved 1056768K
  class space    used 593K, capacity 616K, committed 640K, reserved 1048576K
Event: 6.707 GC heap after
Heap after GC invocations=10 (full 0):
 PSYoungGen      total 257536K, used 55791K [0x00000000eab00000, 0x0000000100000000, 0x0000000100000000)
  eden space 201728K, 0% used [0x00000000eab00000,0x00000000eab00000,0x00000000f7000000)
  from space 55808K, 99% used [0x00000000fc980000,0x00000000ffffbce0,0x0000000100000000)
  to   space 73728K, 0% used [0x00000000f7000000,0x00000000f7000000,0x00000000fb800000)
 ParOldGen       total 88576K, used 87860K [0x00000000c0000000, 0x00000000c5680000, 0x00000000eab00000)
  object space 88576K, 99% used [0x00000000c0000000,0x00000000c55cd1a0,0x00000000c5680000)
 Metaspace       used 6447K, capacity 7280K, committed 7552K, reserved 1056768K
  class space    used 593K, capacity 616K, committed 640K, reserved 1048576K
}
Event: 6.707 GC heap before
{Heap before GC invocations=11 (full 1):
 PSYoungGen      total 257536K, used 55791K [0x00000000eab00000, 0x0000000100000000, 0x0000000100000000)
  eden space 201728K, 0% used [0x00000000eab00000,0x00000000eab00000,0x00000000f7000000)
  from space 55808K, 99% used [0x00000000fc980000,0x00000000ffffbce0,0x0000000100000000)
  to   space 73728K, 0% used [0x00000000f7000000,0x00000000f7000000,0x00000000fb800000)
 ParOldGen       total 88576K, used 87860K [0x00000000c0000000, 0x00000000c5680000, 0x00000000eab00000)
  object space 88576K, 99% used [0x00000000c0000000,0x00000000c55cd1a0,0x00000000c5680000)
 Metaspace       used 6447K, capacity 7280K, committed 7552K, reserved 1056768K
  class space    used 593K, capacity 616K, committed 640K, reserved 1048576K
Event: 8.600 GC heap after
Heap after GC invocations=11 (full 1):
 PSYoungGen      total 257536K, used 47893K [0x00000000eab00000, 0x0000000100000000, 0x0000000100000000)
  eden space 201728K, 0% used [0x00000000eab00000,0x00000000eab00000,0x00000000f7000000)
  from space 55808K, 85% used [0x00000000fc980000,0x00000000ff845548,0x0000000100000000)
  to   space 73728K, 0% used [0x00000000f7000000,0x00000000f7000000,0x00000000fb800000)
 ParOldGen       total 169472K, used 88198K [0x00000000c0000000, 0x00000000ca580000, 0x00000000eab00000)
  object space 169472K, 52% used [0x00000000c0000000,0x00000000c5621a20,0x00000000ca580000)
 Metaspace       used 6447K, capacity 7280K, committed 7552K, reserved 1056768K
  class space    used 593K, capacity 616K, committed 640K, reserved 1048576K
}
Event: 10.002 GC heap before
{Heap before GC invocations=12 (full 1):
 PSYoungGen      total 257536K, used 249621K [0x00000000eab00000, 0x0000000100000000, 0x0000000100000000)
  eden space 201728K, 100% used [0x00000000eab00000,0x00000000f7000000,0x00000000f7000000)
  from space 55808K, 85% used [0x00000000fc980000,0x00000000ff845548,0x0000000100000000)
  to   space 73728K, 0% used [0x00000000f7000000,0x00000000f7000000,0x00000000fb800000)
 ParOldGen       total 169472K, used 88198K [0x00000000c0000000, 0x00000000ca580000, 0x00000000eab00000)
  object space 169472K, 52% used [0x00000000c0000000,0x00000000c5621a20,0x00000000ca580000)
 Metaspace       used 6458K, capacity 7280K, committed 7552K, reserved 1056768K
  class space    used 593K, capacity 616K, committed 640K, reserved 1048576K
Event: 10.196 GC heap after
Heap after GC invocations=12 (full 1):
 PSYoungGen      total 275456K, used 31014K [0x00000000eab00000, 0x0000000100000000, 0x0000000100000000)
  eden space 201728K, 0% used [0x00000000eab00000,0x00000000eab00000,0x00000000f7000000)
  from space 73728K, 42% used [0x00000000f7000000,0x00000000f8e49ac8,0x00000000fb800000)
  to   space 70656K, 0% used [0x00000000fbb00000,0x00000000fbb00000,0x0000000100000000)
 ParOldGen       total 169472K, used 136027K [0x00000000c0000000, 0x00000000ca580000, 0x00000000eab00000)
  object space 169472K, 80% used [0x00000000c0000000,0x00000000c84d6d28,0x00000000ca580000)
 Metaspace       used 6458K, capacity 7280K, committed 7552K, reserved 1056768K
  class space    used 593K, capacity 616K, committed 640K, reserved 1048576K
}
Event: 10.196 GC heap before
{Heap before GC invocations=13 (full 2):
 PSYoungGen      total 275456K, used 31014K [0x00000000eab00000, 0x0000000100000000, 0x0000000100000000)
  eden space 201728K, 0% used [0x00000000eab00000,0x00000000eab00000,0x00000000f7000000)
  from space 73728K, 42% used [0x00000000f7000000,0x00000000f8e49ac8,0x00000000fb800000)
  to   space 70656K, 0% used [0x00000000fbb00000,0x00000000fbb00000,0x0000000100000000)
 ParOldGen       total 169472K, used 136027K [0x00000000c0000000, 0x00000000ca580000, 0x00000000eab00000)
  object space 169472K, 80% used [0x00000000c0000000,0x00000000c84d6d28,0x00000000ca580000)
 Metaspace       used 6458K, capacity 7280K, committed 7552K, reserved 1056768K
  class space    used 593K, capacity 616K, committed 640K, reserved 1048576K
Event: 11.455 GC heap after
Heap after GC invocations=13 (full 2):
 PSYoungGen      total 275456K, used 0K [0x00000000eab00000, 0x0000000100000000, 0x0000000100000000)
  eden space 201728K, 0% used [0x00000000eab00000,0x00000000eab00000,0x00000000f7000000)
  from space 73728K, 0% used [0x00000000f7000000,0x00000000f7000000,0x00000000fb800000)
  to   space 70656K, 0% used [0x00000000fbb00000,0x00000000fbb00000,0x0000000100000000)
 ParOldGen       total 301056K, used 163765K [0x00000000c0000000, 0x00000000d2600000, 0x00000000eab00000)
  object space 301056K, 54% used [0x00000000c0000000,0x00000000c9fed430,0x00000000d2600000)
 Metaspace       used 6458K, capacity 7280K, committed 7552K, reserved 1056768K
  class space    used 593K, capacity 616K, committed 640K, reserved 1048576K
}

